#
# A fatal error has been detected by the Java Runtime Environment:
#
#  SIGSEGV (0xb) at pc=0x00007fffb0f7f069, pid=18111, tid=0x000000000000f70b
#
# JRE version: Java(TM) SE Runtime Environment (8.0_131-b11) (build 1.8.0_131-b11)
# Java VM: Java HotSpot(TM) 64-Bit Server VM (25.131-b11 mixed mode bsd-amd64 compressed oops)
# Problematic frame:
# C  [libobjc.A.dylib+0x7069]  objc_msgSend+0x29
#
# Failed to write core dump. Core dumps have been disabled. To enable core dumping, try "ulimit -c unlimited" before starting Java again
#
# If you would like to submit a bug report, please visit:
#   http://bugreport.java.com/bugreport/crash.jsp
# The crash happened outside the Java Virtual Machine in native code.
# See problematic frame for where to report the bug.
#

---------------  T H R E A D  ---------------

Current thread (0x00007f9a6f802000):  JavaThread "Java2D Queue Flusher" daemon [_thread_in_native, id=63243, stack(0x0000700003395000,0x0000700003495000)]

siginfo: si_signo: 11 (SIGSEGV), si_code: 0 (unknown), si_addr: 0x0000000000000000

Registers:
RAX=0x00007f9a6da12000, RBX=0x00007f9a6d19db00, RCX=0x00007f9a6da12040, RDX=0x000000011ffa9258
RSP=0x00007000034947f8, RBP=0x0000700003494820, RSI=0x00007fff9a80bf4d, RDI=0x0000000102ad4d40
R8 =0x0000000000000020, R9 =0x00000006c057307c, R10=0x000000010266e488, R11=0xe589485de365c041
R12=0x00007f9a6da12038, R13=0x00000006c0572ef8, R14=0x00007f9a6f8021f8, R15=0x0000000104150710
RIP=0x00007fffb0f7f069, EFLAGS=0x0000000000010286, ERR=0x0000000000000000
  TRAPNO=0x000000000000000d

Top of Stack: (sp=0x00007000034947f8)
0x00007000034947f8:   000000011ff883dd 00007f9a6d393b10
0x0000700003494808:   0000000000000000 00007f9a6f89fe10
0x0000700003494818:   00007f9a6f802000 00007000034948a0
0x0000700003494828:   000000011ffa8d36 0000000000000064
0x0000700003494838:   00007f9a6d005958 00007000034948a0
0x0000700003494848:   0000000102550094 0000000000000005
0x0000700003494858:   00007f9a6f802000 00000006c0572e01
0x0000700003494868:   00007f9a6f89fe20 0000700000494800
0x0000700003494878:   00007f9a6f8021f8 0000000000000000
0x0000700003494888:   0000000000000000 00000006c0572ef8
0x0000700003494898:   00007f9a6f802000 00007000034948f0
0x00007000034948a8:   0000000103f3b3ea 00000006c044f728
0x00007000034948b8:   00007000034948e0 000000011bc0c8c8
0x00007000034948c8:   0000000000012068 00007f9a6b779480
0x00007000034948d8:   0000000103e62258 00000006c171f778
0x00007000034948e8:   0000000000000246 00000000d8089ee5
0x00007000034948f8:   0000000103e1c2b0 00000006c0573078
0x0000700003494908:   00000006c0573070 00000006c0572ef8
0x0000700003494918:   00000006c057307c 00000006c0573074
0x0000700003494928:   00000006c0572ef8 0000700000000000
0x0000700003494938:   00000006c044f728 0000000000000001
0x0000700003494948:   0000000000000000 00007000034949d0
0x0000700003494958:   0000000103bbb7a7 00000006c171f778
0x0000700003494968:   00000006c171f778 0000700000001fa0
0x0000700003494978:   000000000000000a 00007f9a6f802000
0x0000700003494988:   0000000000000001 0000000103bbb71f
0x0000700003494998:   000000011c232da8 0000700003494a68
0x00007000034949a8:   0000700003494d00 000000010000000a
0x00007000034949b8:   000000011c232da8 0000000103bce120
0x00007000034949c8:   0000700003494c70 0000700003494b80
0x00007000034949d8:   00000001024ee5b6 0000700000000001
0x00007000034949e8:   00007f9a6f802000 00007f9a6f802000 

Instructions: (pc=0x00007fffb0f7f069)
0x00007fffb0f7f049:   01 2e 75 66 49 ba f8 ff ff ff ff 7f 00 00 4c 23
0x00007fffb0f7f059:   17 49 89 f3 45 23 5a 18 49 c1 e3 04 4d 03 5a 10
0x00007fffb0f7f069:   49 3b 33 75 04 41 ff 63 08 49 83 3b 01 76 0d 49
0x00007fffb0f7f079:   83 c3 10 49 3b 33 75 f1 41 ff 63 08 72 64 4d 8b 

Register to memory mapping:

RAX=0x00007f9a6da12000 is an unknown value
RBX=0x00007f9a6d19db00 is an unknown value
RCX=0x00007f9a6da12040 is an unknown value
RDX=0x000000011ffa9258: Java_sun_java2d_opengl_OGLRenderQueue_flushBuffer+0xb5c in /Library/Java/JavaVirtualMachines/jdk1.8.0_131.jdk/Contents/Home/jre/lib/libawt_lwawt.dylib at 0x000000011ff6c000
RSP=0x00007000034947f8 is pointing into the stack for thread: 0x00007f9a6f802000
RBP=0x0000700003494820 is pointing into the stack for thread: 0x00007f9a6f802000
RSI=0x00007fff9a80bf4d: __NSStyleNameIndexTable+0x78b95 in /System/Library/Frameworks/AppKit.framework/Versions/C/AppKit at 0x00007fff99ba6000
RDI=0x0000000102ad4d40: _ZTV7nmethod+0x10 in /Library/Java/JavaVirtualMachines/jdk1.8.0_131.jdk/Contents/Home/jre/lib/server/libjvm.dylib at 0x0000000102200000
R8 =0x0000000000000020 is an unknown value
R9 =0x00000006c057307c is pointing into object: 0x00000006c0572ef8
sun.java2d.opengl.OGLRenderQueue$QueueFlusher 
 - klass: 'sun/java2d/opengl/OGLRenderQueue$QueueFlusher'
R10=0x000000010266e488: _ZN7nmethod32add_handler_for_exception_and_pcE6HandlePhS1_+0xba in /Library/Java/JavaVirtualMachines/jdk1.8.0_131.jdk/Contents/Home/jre/lib/server/libjvm.dylib at 0x0000000102200000
R11=0xe589485de365c041 is an unknown value
R12=0x00007f9a6da12038 is an unknown value
R13=0x00000006c0572ef8 is an oop
sun.java2d.opengl.OGLRenderQueue$QueueFlusher 
 - klass: 'sun/java2d/opengl/OGLRenderQueue$QueueFlusher'
R14=0x00007f9a6f8021f8 is an unknown value
R15=0x0000000104150710 is at entry_point+-432 in (nmethod*)0x0000000104150710


Stack: [0x0000700003395000,0x0000700003495000],  sp=0x00007000034947f8,  free space=1021k
Native frames: (J=compiled Java code, j=interpreted, Vv=VM code, C=native code)
C  [libobjc.A.dylib+0x7069]  objc_msgSend+0x29
C  [libawt_lwawt.dylib+0x3cd36]  Java_sun_java2d_opengl_OGLRenderQueue_flushBuffer+0x63a
J 1017  sun.java2d.opengl.OGLRenderQueue.flushBuffer(JI)V (0 bytes) @ 0x0000000103f3b3ea [0x0000000103f3b340+0xaa]
J 1755% C2 sun.java2d.opengl.OGLRenderQueue$QueueFlusher.run()V (234 bytes) @ 0x0000000103e1c2b0 [0x0000000103e1c160+0x150]
v  ~StubRoutines::call_stub
V  [libjvm.dylib+0x2ee5b6]  JavaCalls::call_helper(JavaValue*, methodHandle*, JavaCallArguments*, Thread*)+0x6ae
V  [libjvm.dylib+0x2eed5a]  JavaCalls::call_virtual(JavaValue*, KlassHandle, Symbol*, Symbol*, JavaCallArguments*, Thread*)+0x164
V  [libjvm.dylib+0x2eef06]  JavaCalls::call_virtual(JavaValue*, Handle, KlassHandle, Symbol*, Symbol*, Thread*)+0x4a
V  [libjvm.dylib+0x34965d]  thread_entry(JavaThread*, Thread*)+0x7c
V  [libjvm.dylib+0x56b87f]  JavaThread::thread_main_inner()+0x9b
V  [libjvm.dylib+0x56cf6c]  JavaThread::run()+0x1c2
V  [libjvm.dylib+0x48b376]  java_start(Thread*)+0xf6
C  [libsystem_pthread.dylib+0x393b]  _pthread_body+0xb4
C  [libsystem_pthread.dylib+0x3887]  _pthread_body+0x0
C  [libsystem_pthread.dylib+0x308d]  thread_start+0xd
C  0x0000000000000000

Java frames: (J=compiled Java code, j=interpreted, Vv=VM code)
J 1017  sun.java2d.opengl.OGLRenderQueue.flushBuffer(JI)V (0 bytes) @ 0x0000000103f3b378 [0x0000000103f3b340+0x38]
J 1755% C2 sun.java2d.opengl.OGLRenderQueue$QueueFlusher.run()V (234 bytes) @ 0x0000000103e1c2b0 [0x0000000103e1c160+0x150]
v  ~StubRoutines::call_stub

---------------  P R O C E S S  ---------------

Java Threads: ( => current thread )
  0x00007f9a7600a000 JavaThread "DestroyJavaVM" [_thread_blocked, id=6915, stack(0x0000700001b44000,0x0000700001c44000)]
  0x00007f9a6c1b1800 JavaThread "AWT-EventQueue-0" [_thread_blocked, id=67859, stack(0x000070000361e000,0x000070000371e000)]
  0x00007f9a6da03000 JavaThread "Java2D Disposer" daemon [_thread_blocked, id=63759, stack(0x0000700003498000,0x0000700003598000)]
=>0x00007f9a6f802000 JavaThread "Java2D Queue Flusher" daemon [_thread_in_native, id=63243, stack(0x0000700003395000,0x0000700003495000)]
  0x00007f9a6e8b1800 JavaThread "AWT-Shutdown" [_thread_blocked, id=32543, stack(0x0000700003086000,0x0000700003186000)]
  0x00007f9a6e071800 JavaThread "AppKit Thread" daemon [_thread_in_native, id=775, stack(0x00007fff5e2c7000,0x00007fff5eac7000)]
  0x00007f9a6f823800 JavaThread "Service Thread" daemon [_thread_blocked, id=21763, stack(0x0000700002dfd000,0x0000700002efd000)]
  0x00007f9a6e025000 JavaThread "C1 CompilerThread3" daemon [_thread_blocked, id=21251, stack(0x0000700002cfa000,0x0000700002dfa000)]
  0x00007f9a6e024800 JavaThread "C2 CompilerThread2" daemon [_thread_blocked, id=20739, stack(0x0000700002bf7000,0x0000700002cf7000)]
  0x00007f9a6e00f800 JavaThread "C2 CompilerThread1" daemon [_thread_blocked, id=20227, stack(0x0000700002af4000,0x0000700002bf4000)]
  0x00007f9a6d85b800 JavaThread "C2 CompilerThread0" daemon [_thread_blocked, id=19715, stack(0x00007000029f1000,0x0000700002af1000)]
  0x00007f9a6d85a000 JavaThread "Monitor Ctrl-Break" daemon [_thread_in_native, id=19203, stack(0x00007000028ee000,0x00007000029ee000)]
  0x00007f9a6c015000 JavaThread "Signal Dispatcher" daemon [_thread_blocked, id=18691, stack(0x00007000027eb000,0x00007000028eb000)]
  0x00007f9a6e009800 JavaThread "Finalizer" daemon [_thread_blocked, id=14339, stack(0x0000700002665000,0x0000700002765000)]
  0x00007f9a6c003800 JavaThread "Reference Handler" daemon [_thread_blocked, id=13827, stack(0x0000700002562000,0x0000700002662000)]

Other Threads:
  0x00007f9a6e828000 VMThread [stack: 0x000070000245f000,0x000070000255f000] [id=13315]
  0x00007f9a6e01b800 WatcherThread [stack: 0x0000700002f00000,0x0000700003000000] [id=22275]

VM state:not at safepoint (normal execution)

VM Mutex/Monitor currently owned by a thread: None

Heap:
 PSYoungGen      total 101888K, used 4991K [0x000000076ab00000, 0x0000000771200000, 0x00000007c0000000)
  eden space 99840K, 4% used [0x000000076ab00000,0x000000076afdfe30,0x0000000770c80000)
  from space 2048K, 0% used [0x0000000770c80000,0x0000000770c80000,0x0000000770e80000)
  to   space 2560K, 0% used [0x0000000770f80000,0x0000000770f80000,0x0000000771200000)
 ParOldGen       total 73728K, used 7072K [0x00000006c0000000, 0x00000006c4800000, 0x000000076ab00000)
  object space 73728K, 9% used [0x00000006c0000000,0x00000006c06e8088,0x00000006c4800000)
 Metaspace       used 10954K, capacity 11298K, committed 11392K, reserved 1058816K
  class space    used 1276K, capacity 1368K, committed 1408K, reserved 1048576K

Card table byte_map: [0x0000000112bbb000,0x00000001133bc000] byte_map_base: 0x000000010f5bb000

Marking Bits: (ParMarkBitMap*) 0x0000000102af1ea0
 Begin Bits: [0x00000001133bc000, 0x00000001173bc000)
 End Bits:   [0x00000001173bc000, 0x000000011b3bc000)

Polling page: 0x00000001011f9000

CodeCache: size=245760Kb used=5489Kb max_used=5721Kb free=240270Kb
 bounds [0x0000000103bbb000, 0x00000001041bb000, 0x0000000112bbb000]
 total_blobs=1941 nmethods=1421 adapters=434
 compilation: enabled

Compilation events (10 events):
Event: 3272.372 Thread 0x00007f9a6e025000 1760       3       java.lang.ref.ReferenceQueue::remove (6 bytes)
Event: 3272.373 Thread 0x00007f9a6e025000 nmethod 1760 0x0000000103f234d0 code [0x0000000103f23640, 0x0000000103f23848]
Event: 3272.373 Thread 0x00007f9a6e025000 1759   !   3       java.lang.ref.Reference::tryHandlePending (115 bytes)
Event: 3272.373 Thread 0x00007f9a6e025000 nmethod 1759 0x0000000103f603d0 code [0x0000000103f60600, 0x0000000103f612c8]
Event: 3272.373 Thread 0x00007f9a6e025000 1757       3       java.lang.ref.ReferenceQueue::reallyPoll (66 bytes)
Event: 3272.374 Thread 0x00007f9a6e025000 nmethod 1757 0x0000000103ea9650 code [0x0000000103ea97e0, 0x0000000103ea9c70]
Event: 3272.374 Thread 0x00007f9a6e025000 1761   !   3       java.lang.ref.ReferenceQueue::remove (125 bytes)
Event: 3272.374 Thread 0x00007f9a6e025000 nmethod 1761 0x00000001040f0a50 code [0x00000001040f0c40, 0x00000001040f14f8]
Event: 3272.374 Thread 0x00007f9a6e025000 1758   !   3       java.lang.ref.ReferenceQueue::enqueue (119 bytes)
Event: 3272.375 Thread 0x00007f9a6e025000 nmethod 1758 0x0000000103f581d0 code [0x0000000103f58380, 0x0000000103f58b08]

GC Heap History (10 events):
Event: 3272.026 GC heap before
{Heap before GC invocations=25546 (full 0):
 PSYoungGen      total 72704K, used 69824K [0x000000076ab00000, 0x0000000770580000, 0x00000007c0000000)
  eden space 69632K, 100% used [0x000000076ab00000,0x000000076ef00000,0x000000076ef00000)
  from space 3072K, 6% used [0x000000076ff80000,0x000000076ffb0000,0x0000000770280000)
  to   space 2560K, 0% used [0x0000000770300000,0x0000000770300000,0x0000000770580000)
 ParOldGen       total 175104K, used 174229K [0x00000006c0000000, 0x00000006cab00000, 0x000000076ab00000)
  object space 175104K, 99% used [0x00000006c0000000,0x00000006caa25468,0x00000006cab00000)
 Metaspace       used 10952K, capacity 11234K, committed 11392K, reserved 1058816K
  class space    used 1275K, capacity 1368K, committed 1408K, reserved 1048576K
Event: 3272.027 GC heap after
Heap after GC invocations=25546 (full 0):
 PSYoungGen      total 84480K, used 160K [0x000000076ab00000, 0x0000000770380000, 0x00000007c0000000)
  eden space 83968K, 0% used [0x000000076ab00000,0x000000076ab00000,0x000000076fd00000)
  from space 512K, 31% used [0x0000000770300000,0x0000000770328000,0x0000000770380000)
  to   space 2560K, 0% used [0x000000076fe80000,0x000000076fe80000,0x0000000770100000)
 ParOldGen       total 175104K, used 174229K [0x00000006c0000000, 0x00000006cab00000, 0x000000076ab00000)
  object space 175104K, 99% used [0x00000006c0000000,0x00000006caa25468,0x00000006cab00000)
 Metaspace       used 10952K, capacity 11234K, committed 11392K, reserved 1058816K
  class space    used 1275K, capacity 1368K, committed 1408K, reserved 1048576K
}
Event: 3272.134 GC heap before
{Heap before GC invocations=25547 (full 0):
 PSYoungGen      total 84480K, used 84128K [0x000000076ab00000, 0x0000000770380000, 0x00000007c0000000)
  eden space 83968K, 100% used [0x000000076ab00000,0x000000076fd00000,0x000000076fd00000)
  from space 512K, 31% used [0x0000000770300000,0x0000000770328000,0x0000000770380000)
  to   space 2560K, 0% used [0x000000076fe80000,0x000000076fe80000,0x0000000770100000)
 ParOldGen       total 175104K, used 174229K [0x00000006c0000000, 0x00000006cab00000, 0x000000076ab00000)
  object space 175104K, 99% used [0x00000006c0000000,0x00000006caa25468,0x00000006cab00000)
 Metaspace       used 10952K, capacity 11234K, committed 11392K, reserved 1058816K
  class space    used 1275K, capacity 1368K, committed 1408K, reserved 1048576K
Event: 3272.135 GC heap after
Heap after GC invocations=25547 (full 0):
 PSYoungGen      total 88064K, used 160K [0x000000076ab00000, 0x0000000771280000, 0x00000007c0000000)
  eden space 85504K, 0% used [0x000000076ab00000,0x000000076ab00000,0x000000076fe80000)
  from space 2560K, 6% used [0x000000076fe80000,0x000000076fea8000,0x0000000770100000)
  to   space 2560K, 0% used [0x0000000771000000,0x0000000771000000,0x0000000771280000)
 ParOldGen       total 175104K, used 174229K [0x00000006c0000000, 0x00000006cab00000, 0x000000076ab00000)
  object space 175104K, 99% used [0x00000006c0000000,0x00000006caa25468,0x00000006cab00000)
 Metaspace       used 10952K, capacity 11234K, committed 11392K, reserved 1058816K
  class space    used 1275K, capacity 1368K, committed 1408K, reserved 1048576K
}
Event: 3272.242 GC heap before
{Heap before GC invocations=25548 (full 0):
 PSYoungGen      total 88064K, used 85664K [0x000000076ab00000, 0x0000000771280000, 0x00000007c0000000)
  eden space 85504K, 100% used [0x000000076ab00000,0x000000076fe80000,0x000000076fe80000)
  from space 2560K, 6% used [0x000000076fe80000,0x000000076fea8000,0x0000000770100000)
  to   space 2560K, 0% used [0x0000000771000000,0x0000000771000000,0x0000000771280000)
 ParOldGen       total 175104K, used 174229K [0x00000006c0000000, 0x00000006cab00000, 0x000000076ab00000)
  object space 175104K, 99% used [0x00000006c0000000,0x00000006caa25468,0x00000006cab00000)
 Metaspace       used 10952K, capacity 11234K, committed 11392K, reserved 1058816K
  class space    used 1275K, capacity 1368K, committed 1408K, reserved 1048576K
Event: 3272.243 GC heap after
Heap after GC invocations=25548 (full 0):
 PSYoungGen      total 83968K, used 160K [0x000000076ab00000, 0x0000000771080000, 0x00000007c0000000)
  eden space 83456K, 0% used [0x000000076ab00000,0x000000076ab00000,0x000000076fc80000)
  from space 512K, 31% used [0x0000000771000000,0x0000000771028000,0x0000000771080000)
  to   space 2048K, 0% used [0x0000000770c80000,0x0000000770c80000,0x0000000770e80000)
 ParOldGen       total 175104K, used 174229K [0x00000006c0000000, 0x00000006cab00000, 0x000000076ab00000)
  object space 175104K, 99% used [0x00000006c0000000,0x00000006caa25468,0x00000006cab00000)
 Metaspace       used 10952K, capacity 11234K, committed 11392K, reserved 1058816K
  class space    used 1275K, capacity 1368K, committed 1408K, reserved 1048576K
}
Event: 3272.338 GC heap before
{Heap before GC invocations=25549 (full 0):
 PSYoungGen      total 83968K, used 83616K [0x000000076ab00000, 0x0000000771080000, 0x00000007c0000000)
  eden space 83456K, 100% used [0x000000076ab00000,0x000000076fc80000,0x000000076fc80000)
  from space 512K, 31% used [0x0000000771000000,0x0000000771028000,0x0000000771080000)
  to   space 2048K, 0% used [0x0000000770c80000,0x0000000770c80000,0x0000000770e80000)
 ParOldGen       total 175104K, used 174229K [0x00000006c0000000, 0x00000006cab00000, 0x000000076ab00000)
  object space 175104K, 99% used [0x00000006c0000000,0x00000006caa25468,0x00000006cab00000)
 Metaspace       used 10952K, capacity 11234K, committed 11392K, reserved 1058816K
  class space    used 1275K, capacity 1368K, committed 1408K, reserved 1048576K
Event: 3272.340 GC heap after
Heap after GC invocations=25549 (full 0):
 PSYoungGen      total 101888K, used 1781K [0x000000076ab00000, 0x0000000771200000, 0x00000007c0000000)
  eden space 99840K, 0% used [0x000000076ab00000,0x000000076ab00000,0x0000000770c80000)
  from space 2048K, 86% used [0x0000000770c80000,0x0000000770e3d470,0x0000000770e80000)
  to   space 2560K, 0% used [0x0000000770f80000,0x0000000770f80000,0x0000000771200000)
 ParOldGen       total 175104K, used 175023K [0x00000006c0000000, 0x00000006cab00000, 0x000000076ab00000)
  object space 175104K, 99% used [0x00000006c0000000,0x00000006caaebea0,0x00000006cab00000)
 Metaspace       used 10952K, capacity 11234K, committed 11392K, reserved 1058816K
  class space    used 1275K, capacity 1368K, committed 1408K, reserved 1048576K
}
Event: 3272.340 GC heap before
{Heap before GC invocations=25550 (full 1):
 PSYoungGen      total 101888K, used 1781K [0x000000076ab00000, 0x0000000771200000, 0x00000007c0000000)
  eden space 99840K, 0% used [0x000000076ab00000,0x000000076ab00000,0x0000000770c80000)
  from space 2048K, 86% used [0x0000000770c80000,0x0000000770e3d470,0x0000000770e80000)
  to   space 2560K, 0% used [0x0000000770f80000,0x0000000770f80000,0x0000000771200000)
 ParOldGen       total 175104K, used 175023K [0x00000006c0000000, 0x00000006cab00000, 0x000000076ab00000)
  object space 175104K, 99% used [0x00000006c0000000,0x00000006caaebea0,0x00000006cab00000)
 Metaspace       used 10952K, capacity 11234K, committed 11392K, reserved 1058816K
  class space    used 1275K, capacity 1368K, committed 1408K, reserved 1048576K
Event: 3272.372 GC heap after
Heap after GC invocations=25550 (full 1):
 PSYoungGen      total 101888K, used 0K [0x000000076ab00000, 0x0000000771200000, 0x00000007c0000000)
  eden space 99840K, 0% used [0x000000076ab00000,0x000000076ab00000,0x0000000770c80000)
  from space 2048K, 0% used [0x0000000770c80000,0x0000000770c80000,0x0000000770e80000)
  to   space 2560K, 0% used [0x0000000770f80000,0x0000000770f80000,0x0000000771200000)
 ParOldGen       total 73728K, used 7072K [0x00000006c0000000, 0x00000006c4800000, 0x000000076ab00000)
  object space 73728K, 9% used [0x00000006c0000000,0x00000006c06e8088,0x00000006c4800000)
 Metaspace       used 10952K, capacity 11234K, committed 11392K, reserved 1058816K
  class space    used 1275K, capacity 1368K, committed 1408K, reserved 1048576K
}

Deoptimization events (10 events):
Event: 1745.762 Thread 0x00007f9a6c1b1800 Uncommon trap: reason=unstable_if action=reinterpret pc=0x000000010403966c method=sun.java2d.SunGraphics2D.setColor(Ljava/awt/Color;)V @ 9
Event: 1745.764 Thread 0x00007f9a6c1b1800 Uncommon trap: reason=unstable_if action=reinterpret pc=0x00000001040fb9b0 method=javax.swing.JComponent.paintChildren(Ljava/awt/Graphics;)V @ 19
Event: 1745.935 Thread 0x00007f9a6c1b1800 Uncommon trap: reason=class_check action=maybe_recompile pc=0x00000001040eefa0 method=sun.java2d.Disposer.add(Ljava/lang/Object;Lsun/java2d/DisposerRecord;)V @ 1
Event: 1878.774 Thread 0x00007f9a6c1b1800 Uncommon trap: reason=class_check action=maybe_recompile pc=0x0000000104022c10 method=java.util.Hashtable.put(Ljava/lang/Object;Ljava/lang/Object;)Ljava/lang/Object; @ 60
Event: 3272.372 Thread 0x00007f9a6c003800 Uncommon trap: reason=unstable_if action=reinterpret pc=0x0000000104150f54 method=java.lang.ref.ReferenceQueue.enqueue(Ljava/lang/ref/Reference;)Z @ 94
Event: 3272.372 Thread 0x00007f9a6da03000 Uncommon trap: reason=class_check action=maybe_recompile pc=0x0000000103dd7a5c method=sun.java2d.Disposer.run()V @ 21
Event: 3272.372 Thread 0x00007f9a6c003800 Uncommon trap: reason=unstable_if action=reinterpret pc=0x0000000104142a50 method=java.lang.ref.ReferenceQueue.enqueue(Ljava/lang/ref/Reference;)Z @ 94
Event: 3272.372 Thread 0x00007f9a6e009800 Uncommon trap: reason=unstable_if action=reinterpret pc=0x00000001040aa8cc method=java.lang.ref.ReferenceQueue.reallyPoll()Ljava/lang/ref/Reference; @ 55
Event: 3272.372 Thread 0x00007f9a6e009800 Uncommon trap: reason=unstable_if action=reinterpret pc=0x000000010411a808 method=java.lang.ref.ReferenceQueue.reallyPoll()Ljava/lang/ref/Reference; @ 55
Event: 3272.372 Thread 0x00007f9a6e009800 Uncommon trap: reason=unstable_if action=reinterpret pc=0x0000000103cede44 method=java.lang.ref.ReferenceQueue.reallyPoll()Ljava/lang/ref/Reference; @ 55

Internal exceptions (10 events):
Event: 0.427 Thread 0x00007f9a6c004800 Exception <a 'java/security/PrivilegedActionException'> (0x000000076b34c1b0) thrown at [/Users/java_re/workspace/8-2-build-macosx-x86_64/jdk8u131/8869/hotspot/src/share/vm/prims/jvm.cpp, line 1390]
Event: 0.427 Thread 0x00007f9a6c004800 Exception <a 'java/security/PrivilegedActionException'> (0x000000076b34f6c8) thrown at [/Users/java_re/workspace/8-2-build-macosx-x86_64/jdk8u131/8869/hotspot/src/share/vm/prims/jvm.cpp, line 1390]
Event: 0.427 Thread 0x00007f9a6c004800 Exception <a 'java/security/PrivilegedActionException'> (0x000000076b34fac0) thrown at [/Users/java_re/workspace/8-2-build-macosx-x86_64/jdk8u131/8869/hotspot/src/share/vm/prims/jvm.cpp, line 1390]
Event: 0.429 Thread 0x00007f9a6c004800 Exception <a 'java/io/FileNotFoundException'> (0x000000076b3580c8) thrown at [/Users/java_re/workspace/8-2-build-macosx-x86_64/jdk8u131/8869/hotspot/src/share/vm/prims/jni.cpp, line 709]
Event: 0.429 Thread 0x00007f9a6c004800 Exception <a 'java/io/FileNotFoundException'> (0x000000076b358c30) thrown at [/Users/java_re/workspace/8-2-build-macosx-x86_64/jdk8u131/8869/hotspot/src/share/vm/prims/jni.cpp, line 709]
Event: 0.963 Thread 0x00007f9a6c004800 Implicit null exception at 0x0000000103e04a3e to 0x0000000103e04d0d
Event: 21.624 Thread 0x00007f9a7600a000 Implicit null exception at 0x000000010401f7a0 to 0x000000010401fa15
Event: 84.492 Thread 0x00007f9a6c1b1800 Implicit null exception at 0x0000000104044f1e to 0x0000000104046049
Event: 1745.643 Thread 0x00007f9a6c1b1800 Implicit null exception at 0x000000010415504f to 0x0000000104156399
Event: 3272.372 Thread 0x00007f9a6e009800 Exception <a 'java/lang/NullPointerException'> (0x000000076acf3130) thrown at [/Users/java_re/workspace/8-2-build-macosx-x86_64/jdk8u131/8869/hotspot/src/share/vm/interpreter/linkResolver.cpp, line 1197]

Events (10 events):
Event: 3272.372 Thread 0x00007f9a6e009800 Uncommon trap: trap_request=0xffffff65 fr.pc=0x000000010411a808
Event: 3272.372 Thread 0x00007f9a6e009800 DEOPT PACKING pc=0x000000010411a808 sp=0x00007000027648b0
Event: 3272.372 Thread 0x00007f9a6e009800 DEOPT UNPACKING pc=0x0000000103bc0229 sp=0x0000700002764778 mode 2
Event: 3272.372 Thread 0x00007f9a6e009800 Uncommon trap: trap_request=0xffffff65 fr.pc=0x0000000103cede44
Event: 3272.372 Thread 0x00007f9a6e009800 DEOPT PACKING pc=0x0000000103cede44 sp=0x0000700002764830
Event: 3272.372 Thread 0x00007f9a6e009800 DEOPT UNPACKING pc=0x0000000103bc0229 sp=0x0000700002764780 mode 2
Event: 3272.373 loading class java/io/RandomAccessFile$1
Event: 3272.373 loading class java/io/RandomAccessFile$1 done
Event: 3272.373 Thread 0x00007f9a6e025000 flushing nmethod 0x0000000103dc0e50
Event: 3272.374 Thread 0x00007f9a6e025000 flushing nmethod 0x0000000103e07c50


Dynamic libraries:
0x0000000026cf5000 	/System/Library/Frameworks/Cocoa.framework/Versions/A/Cocoa
0x0000000026cf5000 	/System/Library/Frameworks/Security.framework/Versions/A/Security
0x0000000026cf5000 	/System/Library/Frameworks/ApplicationServices.framework/Versions/A/ApplicationServices
0x0000000026cf5000 	/usr/lib/libz.1.dylib
0x0000000026cf5000 	/usr/lib/libSystem.B.dylib
0x0000000026cf5000 	/usr/lib/libobjc.A.dylib
0x0000000026cf5000 	/System/Library/Frameworks/CoreFoundation.framework/Versions/A/CoreFoundation
0x0000000026cf5000 	/System/Library/Frameworks/Foundation.framework/Versions/C/Foundation
0x0000000026cf5000 	/System/Library/Frameworks/AppKit.framework/Versions/C/AppKit
0x0000000026cf5000 	/System/Library/Frameworks/CoreData.framework/Versions/A/CoreData
0x0000000026cf5000 	/System/Library/PrivateFrameworks/RemoteViewServices.framework/Versions/A/RemoteViewServices
0x0000000026cf5000 	/System/Library/PrivateFrameworks/UIFoundation.framework/Versions/A/UIFoundation
0x0000000026cf5000 	/System/Library/PrivateFrameworks/DFRFoundation.framework/Versions/A/DFRFoundation
0x0000000026cf5000 	/usr/lib/libenergytrace.dylib
0x0000000026cf5000 	/System/Library/PrivateFrameworks/SkyLight.framework/Versions/A/SkyLight
0x0000000026cf5000 	/System/Library/Frameworks/CoreGraphics.framework/Versions/A/CoreGraphics
0x0000000026cf5000 	/usr/lib/libScreenReader.dylib
0x0000000026cf5000 	/System/Library/Frameworks/Accelerate.framework/Versions/A/Accelerate
0x0000000026cf5000 	/System/Library/Frameworks/IOSurface.framework/Versions/A/IOSurface
0x0000000026cf5000 	/System/Library/Frameworks/AudioToolbox.framework/Versions/A/AudioToolbox
0x0000000026cf5000 	/System/Library/Frameworks/AudioUnit.framework/Versions/A/AudioUnit
0x0000000026cf5000 	/System/Library/PrivateFrameworks/DataDetectorsCore.framework/Versions/A/DataDetectorsCore
0x0000000026cf5000 	/System/Library/PrivateFrameworks/DesktopServicesPriv.framework/Versions/A/DesktopServicesPriv
0x0000000026cf5000 	/System/Library/Frameworks/Carbon.framework/Versions/A/Frameworks/HIToolbox.framework/Versions/A/HIToolbox
0x0000000026cf5000 	/usr/lib/libicucore.A.dylib
0x0000000026cf5000 	/System/Library/Frameworks/QuartzCore.framework/Versions/A/QuartzCore
0x0000000026cf5000 	/System/Library/Frameworks/Carbon.framework/Versions/A/Frameworks/SpeechRecognition.framework/Versions/A/SpeechRecognition
0x0000000026cf5000 	/usr/lib/libauto.dylib
0x0000000026cf5000 	/usr/lib/libxml2.2.dylib
0x0000000026cf5000 	/System/Library/PrivateFrameworks/CoreUI.framework/Versions/A/CoreUI
0x0000000026cf5000 	/System/Library/Frameworks/CoreAudio.framework/Versions/A/CoreAudio
0x0000000026cf5000 	/System/Library/Frameworks/DiskArbitration.framework/Versions/A/DiskArbitration
0x0000000026cf5000 	/usr/lib/liblangid.dylib
0x0000000026cf5000 	/System/Library/PrivateFrameworks/MultitouchSupport.framework/Versions/A/MultitouchSupport
0x0000000026cf5000 	/System/Library/Frameworks/IOKit.framework/Versions/A/IOKit
0x0000000026cf5000 	/usr/lib/libDiagnosticMessagesClient.dylib
0x0000000026cf5000 	/System/Library/Frameworks/CoreServices.framework/Versions/A/CoreServices
0x0000000026cf5000 	/System/Library/PrivateFrameworks/PerformanceAnalysis.framework/Versions/A/PerformanceAnalysis
0x0000000026cf5000 	/System/Library/PrivateFrameworks/GenerationalStorage.framework/Versions/A/GenerationalStorage
0x0000000026cf5000 	/System/Library/Frameworks/OpenGL.framework/Versions/A/OpenGL
0x0000000026cf5000 	/System/Library/Frameworks/CoreImage.framework/Versions/A/CoreImage
0x0000000026cf5000 	/System/Library/Frameworks/CoreText.framework/Versions/A/CoreText
0x0000000026cf5000 	/System/Library/Frameworks/ImageIO.framework/Versions/A/ImageIO
0x0000000026cf5000 	/System/Library/PrivateFrameworks/Backup.framework/Versions/A/Backup
0x0000000026cf5000 	/usr/lib/libarchive.2.dylib
0x0000000026cf5000 	/System/Library/Frameworks/CFNetwork.framework/Versions/A/CFNetwork
0x0000000026cf5000 	/System/Library/Frameworks/SystemConfiguration.framework/Versions/A/SystemConfiguration
0x0000000026cf5000 	/usr/lib/libCRFSuite.dylib
0x0000000026cf5000 	/usr/lib/libc++.1.dylib
0x0000000026cf5000 	/usr/lib/libc++abi.dylib
0x0000000026cf5000 	/usr/lib/system/libcache.dylib
0x0000000026cf5000 	/usr/lib/system/libcommonCrypto.dylib
0x0000000026cf5000 	/usr/lib/system/libcompiler_rt.dylib
0x0000000026cf5000 	/usr/lib/system/libcopyfile.dylib
0x0000000026cf5000 	/usr/lib/system/libcorecrypto.dylib
0x0000000026cf5000 	/usr/lib/system/libdispatch.dylib
0x0000000026cf5000 	/usr/lib/system/libdyld.dylib
0x0000000026cf5000 	/usr/lib/system/libkeymgr.dylib
0x0000000026cf5000 	/usr/lib/system/liblaunch.dylib
0x0000000026cf5000 	/usr/lib/system/libmacho.dylib
0x0000000026cf5000 	/usr/lib/system/libquarantine.dylib
0x0000000026cf5000 	/usr/lib/system/libremovefile.dylib
0x0000000026cf5000 	/usr/lib/system/libsystem_asl.dylib
0x0000000026cf5000 	/usr/lib/system/libsystem_blocks.dylib
0x0000000026cf5000 	/usr/lib/system/libsystem_c.dylib
0x0000000026cf5000 	/usr/lib/system/libsystem_configuration.dylib
0x0000000026cf5000 	/usr/lib/system/libsystem_coreservices.dylib
0x0000000026cf5000 	/usr/lib/system/libsystem_coretls.dylib
0x0000000026cf5000 	/usr/lib/system/libsystem_dnssd.dylib
0x0000000026cf5000 	/usr/lib/system/libsystem_info.dylib
0x0000000026cf5000 	/usr/lib/system/libsystem_kernel.dylib
0x0000000026cf5000 	/usr/lib/system/libsystem_m.dylib
0x0000000026cf5000 	/usr/lib/system/libsystem_malloc.dylib
0x0000000026cf5000 	/usr/lib/system/libsystem_network.dylib
0x0000000026cf5000 	/usr/lib/system/libsystem_networkextension.dylib
0x0000000026cf5000 	/usr/lib/system/libsystem_notify.dylib
0x0000000026cf5000 	/usr/lib/system/libsystem_platform.dylib
0x0000000026cf5000 	/usr/lib/system/libsystem_pthread.dylib
0x0000000026cf5000 	/usr/lib/system/libsystem_sandbox.dylib
0x0000000026cf5000 	/usr/lib/system/libsystem_secinit.dylib
0x0000000026cf5000 	/usr/lib/system/libsystem_symptoms.dylib
0x0000000026cf5000 	/usr/lib/system/libsystem_trace.dylib
0x0000000026cf5000 	/usr/lib/system/libunwind.dylib
0x0000000026cf5000 	/usr/lib/system/libxpc.dylib
0x0000000026cf5000 	/usr/lib/libbsm.0.dylib
0x0000000026cf5000 	/usr/lib/system/libkxld.dylib
0x0000000026cf5000 	/usr/lib/libcoretls.dylib
0x0000000026cf5000 	/usr/lib/libcoretls_cfhelpers.dylib
0x0000000026cf5000 	/usr/lib/libOpenScriptingUtil.dylib
0x0000000026cf5000 	/usr/lib/libpam.2.dylib
0x0000000026cf5000 	/usr/lib/libsqlite3.dylib
0x0000000026cf5000 	/usr/lib/libxar.1.dylib
0x0000000026cf5000 	/usr/lib/libbz2.1.0.dylib
0x0000000026cf5000 	/usr/lib/liblzma.5.dylib
0x0000000026cf5000 	/usr/lib/libnetwork.dylib
0x0000000026cf5000 	/usr/lib/libpcap.A.dylib
0x0000000026cf5000 	/System/Library/Frameworks/CoreServices.framework/Versions/A/Frameworks/FSEvents.framework/Versions/A/FSEvents
0x0000000026cf5000 	/System/Library/Frameworks/CoreServices.framework/Versions/A/Frameworks/CarbonCore.framework/Versions/A/CarbonCore
0x0000000026cf5000 	/System/Library/Frameworks/CoreServices.framework/Versions/A/Frameworks/Metadata.framework/Versions/A/Metadata
0x0000000026cf5000 	/System/Library/Frameworks/CoreServices.framework/Versions/A/Frameworks/OSServices.framework/Versions/A/OSServices
0x0000000026cf5000 	/System/Library/Frameworks/CoreServices.framework/Versions/A/Frameworks/SearchKit.framework/Versions/A/SearchKit
0x0000000026cf5000 	/System/Library/Frameworks/CoreServices.framework/Versions/A/Frameworks/AE.framework/Versions/A/AE
0x0000000026cf5000 	/System/Library/Frameworks/CoreServices.framework/Versions/A/Frameworks/LaunchServices.framework/Versions/A/LaunchServices
0x0000000026cf5000 	/System/Library/Frameworks/CoreServices.framework/Versions/A/Frameworks/DictionaryServices.framework/Versions/A/DictionaryServices
0x0000000026cf5000 	/System/Library/Frameworks/CoreServices.framework/Versions/A/Frameworks/SharedFileList.framework/Versions/A/SharedFileList
0x0000000026cf5000 	/System/Library/Frameworks/NetFS.framework/Versions/A/NetFS
0x0000000026cf5000 	/System/Library/PrivateFrameworks/NetAuth.framework/Versions/A/NetAuth
0x0000000026cf5000 	/System/Library/PrivateFrameworks/login.framework/Versions/A/Frameworks/loginsupport.framework/Versions/A/loginsupport
0x0000000026cf5000 	/System/Library/PrivateFrameworks/TCC.framework/Versions/A/TCC
0x0000000026cf5000 	/usr/lib/libmecabra.dylib
0x0000000026cf5000 	/System/Library/Frameworks/ApplicationServices.framework/Versions/A/Frameworks/ATS.framework/Versions/A/ATS
0x0000000026cf5000 	/System/Library/Frameworks/ApplicationServices.framework/Versions/A/Frameworks/ColorSync.framework/Versions/A/ColorSync
0x0000000026cf5000 	/System/Library/Frameworks/ApplicationServices.framework/Versions/A/Frameworks/HIServices.framework/Versions/A/HIServices
0x0000000026cf5000 	/System/Library/Frameworks/ApplicationServices.framework/Versions/A/Frameworks/LangAnalysis.framework/Versions/A/LangAnalysis
0x0000000026cf5000 	/System/Library/Frameworks/ApplicationServices.framework/Versions/A/Frameworks/PrintCore.framework/Versions/A/PrintCore
0x0000000026cf5000 	/System/Library/Frameworks/ApplicationServices.framework/Versions/A/Frameworks/QD.framework/Versions/A/QD
0x0000000026cf5000 	/System/Library/Frameworks/ApplicationServices.framework/Versions/A/Frameworks/SpeechSynthesis.framework/Versions/A/SpeechSynthesis
0x0000000026cf5000 	/System/Library/Frameworks/Accelerate.framework/Versions/A/Frameworks/vImage.framework/Versions/A/vImage
0x0000000026cf5000 	/System/Library/Frameworks/Accelerate.framework/Versions/A/Frameworks/vecLib.framework/Versions/A/vecLib
0x0000000026cf5000 	/System/Library/Frameworks/Accelerate.framework/Versions/A/Frameworks/vecLib.framework/Versions/A/libvDSP.dylib
0x0000000026cf5000 	/System/Library/Frameworks/Accelerate.framework/Versions/A/Frameworks/vecLib.framework/Versions/A/libBNNS.dylib
0x0000000026cf5000 	/System/Library/Frameworks/Accelerate.framework/Versions/A/Frameworks/vecLib.framework/Versions/A/libQuadrature.dylib
0x0000000026cf5000 	/System/Library/Frameworks/Accelerate.framework/Versions/A/Frameworks/vecLib.framework/Versions/A/libvMisc.dylib
0x0000000026cf5000 	/System/Library/Frameworks/Accelerate.framework/Versions/A/Frameworks/vecLib.framework/Versions/A/libLAPACK.dylib
0x0000000026cf5000 	/System/Library/Frameworks/Accelerate.framework/Versions/A/Frameworks/vecLib.framework/Versions/A/libBLAS.dylib
0x0000000026cf5000 	/System/Library/Frameworks/Accelerate.framework/Versions/A/Frameworks/vecLib.framework/Versions/A/libLinearAlgebra.dylib
0x0000000026cf5000 	/System/Library/Frameworks/Accelerate.framework/Versions/A/Frameworks/vecLib.framework/Versions/A/libSparseBLAS.dylib
0x0000000026cf5000 	/System/Library/Frameworks/ApplicationServices.framework/Versions/A/Frameworks/ATS.framework/Versions/A/Resources/libFontParser.dylib
0x0000000026cf5000 	/System/Library/Frameworks/ApplicationServices.framework/Versions/A/Frameworks/ATS.framework/Versions/A/Resources/libFontRegistry.dylib
0x0000000026cf5000 	/System/Library/Frameworks/ImageIO.framework/Versions/A/Resources/libJPEG.dylib
0x0000000026cf5000 	/System/Library/Frameworks/ImageIO.framework/Versions/A/Resources/libTIFF.dylib
0x0000000026cf5000 	/System/Library/Frameworks/ImageIO.framework/Versions/A/Resources/libPng.dylib
0x0000000026cf5000 	/System/Library/Frameworks/ImageIO.framework/Versions/A/Resources/libGIF.dylib
0x0000000026cf5000 	/System/Library/Frameworks/ImageIO.framework/Versions/A/Resources/libJP2.dylib
0x0000000026cf5000 	/System/Library/Frameworks/ImageIO.framework/Versions/A/Resources/libRadiance.dylib
0x0000000026cf5000 	/usr/lib/libcompression.dylib
0x0000000026cf5000 	/System/Library/PrivateFrameworks/AppleJPEG.framework/Versions/A/AppleJPEG
0x0000000026cf5000 	/usr/lib/libcups.2.dylib
0x0000000026cf5000 	/System/Library/Frameworks/Kerberos.framework/Versions/A/Kerberos
0x0000000026cf5000 	/System/Library/Frameworks/GSS.framework/Versions/A/GSS
0x0000000026cf5000 	/usr/lib/libresolv.9.dylib
0x0000000026cf5000 	/usr/lib/libiconv.2.dylib
0x0000000026cf5000 	/System/Library/PrivateFrameworks/Heimdal.framework/Versions/A/Heimdal
0x0000000026cf5000 	/usr/lib/libheimdal-asn1.dylib
0x0000000026cf5000 	/System/Library/Frameworks/OpenDirectory.framework/Versions/A/OpenDirectory
0x0000000026cf5000 	/System/Library/PrivateFrameworks/CommonAuth.framework/Versions/A/CommonAuth
0x0000000026cf5000 	/System/Library/Frameworks/OpenDirectory.framework/Versions/A/Frameworks/CFOpenDirectory.framework/Versions/A/CFOpenDirectory
0x0000000026cf5000 	/System/Library/Frameworks/SecurityFoundation.framework/Versions/A/SecurityFoundation
0x0000000026cf5000 	/System/Library/PrivateFrameworks/LanguageModeling.framework/Versions/A/LanguageModeling
0x0000000026cf5000 	/usr/lib/libmarisa.dylib
0x0000000026cf5000 	/usr/lib/libChineseTokenizer.dylib
0x0000000026cf5000 	/usr/lib/libcmph.dylib
0x0000000026cf5000 	/System/Library/PrivateFrameworks/CoreEmoji.framework/Versions/A/CoreEmoji
0x0000000026cf5000 	/System/Library/Frameworks/ServiceManagement.framework/Versions/A/ServiceManagement
0x0000000026cf5000 	/usr/lib/libxslt.1.dylib
0x0000000026cf5000 	/System/Library/Frameworks/Carbon.framework/Versions/A/Frameworks/Ink.framework/Versions/A/Ink
0x0000000026cf5000 	/System/Library/PrivateFrameworks/TextureIO.framework/Versions/A/TextureIO
0x0000000026cf5000 	/System/Library/Frameworks/Metal.framework/Versions/A/Metal
0x0000000026cf5000 	/usr/lib/libate.dylib
0x0000000026cf5000 	/System/Library/PrivateFrameworks/GPUCompiler.framework/libmetal_timestamp.dylib
0x0000000026cf5000 	/System/Library/Frameworks/OpenGL.framework/Versions/A/Libraries/libCoreFSCache.dylib
0x0000000026cf5000 	/System/Library/PrivateFrameworks/IOAccelerator.framework/Versions/A/IOAccelerator
0x0000000026cf5000 	/System/Library/Frameworks/CoreVideo.framework/Versions/A/CoreVideo
0x0000000026cf5000 	/usr/lib/libFosl_dynamic.dylib
0x0000000026cf5000 	/System/Library/PrivateFrameworks/MetalPerformanceShaders.framework/Versions/A/MetalPerformanceShaders
0x0000000026cf5000 	/System/Library/PrivateFrameworks/FaceCore.framework/Versions/A/FaceCore
0x0000000026cf5000 	/System/Library/Frameworks/OpenCL.framework/Versions/A/OpenCL
0x0000000026cf5000 	/System/Library/Frameworks/OpenGL.framework/Versions/A/Libraries/libGLU.dylib
0x0000000026cf5000 	/System/Library/Frameworks/OpenGL.framework/Versions/A/Libraries/libGFXShared.dylib
0x0000000026cf5000 	/System/Library/Frameworks/OpenGL.framework/Versions/A/Libraries/libGL.dylib
0x0000000026cf5000 	/System/Library/Frameworks/OpenGL.framework/Versions/A/Libraries/libGLImage.dylib
0x0000000026cf5000 	/System/Library/Frameworks/OpenGL.framework/Versions/A/Libraries/libCVMSPluginSupport.dylib
0x0000000026cf5000 	/System/Library/Frameworks/OpenGL.framework/Versions/A/Libraries/libCoreVMClient.dylib
0x0000000026cf5000 	/System/Library/PrivateFrameworks/CrashReporterSupport.framework/Versions/A/CrashReporterSupport
0x0000000026cf5000 	/System/Library/PrivateFrameworks/Sharing.framework/Versions/A/Sharing
0x0000000026cf5000 	/System/Library/PrivateFrameworks/IconServices.framework/Versions/A/IconServices
0x0000000026cf5000 	/System/Library/PrivateFrameworks/ProtocolBuffer.framework/Versions/A/ProtocolBuffer
0x0000000026cf5000 	/System/Library/PrivateFrameworks/Apple80211.framework/Versions/A/Apple80211
0x0000000026cf5000 	/System/Library/Frameworks/CoreWLAN.framework/Versions/A/CoreWLAN
0x0000000026cf5000 	/System/Library/PrivateFrameworks/CoreUtils.framework/Versions/A/CoreUtils
0x0000000026cf5000 	/System/Library/Frameworks/IOBluetooth.framework/Versions/A/IOBluetooth
0x0000000026cf5000 	/System/Library/PrivateFrameworks/CoreWiFi.framework/Versions/A/CoreWiFi
0x0000000026cf5000 	/System/Library/Frameworks/CoreBluetooth.framework/Versions/A/CoreBluetooth
0x0000000026cf5000 	/System/Library/Frameworks/CoreDisplay.framework/Versions/A/CoreDisplay
0x0000000026cf5000 	/System/Library/PrivateFrameworks/IOPresentment.framework/Versions/A/IOPresentment
0x0000000026cf5000 	/System/Library/PrivateFrameworks/DSExternalDisplay.framework/Versions/A/DSExternalDisplay
0x0000000026cf5000 	/System/Library/PrivateFrameworks/DebugSymbols.framework/Versions/A/DebugSymbols
0x0000000026cf5000 	/System/Library/PrivateFrameworks/CoreSymbolication.framework/Versions/A/CoreSymbolication
0x0000000026cf5000 	/System/Library/PrivateFrameworks/Symbolication.framework/Versions/A/Symbolication
0x0000000026cf5000 	/System/Library/PrivateFrameworks/AppleFSCompression.framework/Versions/A/AppleFSCompression
0x0000000026cf5000 	/System/Library/PrivateFrameworks/SpeechRecognitionCore.framework/Versions/A/SpeechRecognitionCore
0x0000000026cf5000 	/System/Library/PrivateFrameworks/ChunkingLibrary.framework/Versions/A/ChunkingLibrary
0x0000000102200000 	/Library/Java/JavaVirtualMachines/jdk1.8.0_131.jdk/Contents/Home/jre/lib/server/libjvm.dylib
0x0000000026cf5000 	/usr/lib/libstdc++.6.dylib
0x00000001011b6000 	/Library/Java/JavaVirtualMachines/jdk1.8.0_131.jdk/Contents/Home/jre/lib/libverify.dylib
0x00000001011c4000 	/Library/Java/JavaVirtualMachines/jdk1.8.0_131.jdk/Contents/Home/jre/lib/libjava.dylib
0x00000001031a3000 	/Library/Java/JavaVirtualMachines/jdk1.8.0_131.jdk/Contents/Home/jre/lib/libinstrument.dylib
0x00000001031ff000 	/Library/Java/JavaVirtualMachines/jdk1.8.0_131.jdk/Contents/Home/jre/lib/libzip.dylib
0x000000011e333000 	/System/Library/Frameworks/JavaVM.framework/Frameworks/JavaRuntimeSupport.framework/JavaRuntimeSupport
0x000000011e34d000 	/System/Library/Frameworks/JavaVM.framework/Versions/A/Frameworks/JavaNativeFoundation.framework/Versions/A/JavaNativeFoundation
0x0000000103b1e000 	/System/Library/Frameworks/JavaVM.framework/Versions/A/JavaVM
0x0000000026cf5000 	/System/Library/Frameworks/Carbon.framework/Versions/A/Carbon
0x000000011e362000 	/System/Library/PrivateFrameworks/JavaLaunching.framework/Versions/A/JavaLaunching
0x0000000026cf5000 	/System/Library/Frameworks/Carbon.framework/Versions/A/Frameworks/CommonPanels.framework/Versions/A/CommonPanels
0x0000000026cf5000 	/System/Library/Frameworks/Carbon.framework/Versions/A/Frameworks/Help.framework/Versions/A/Help
0x0000000026cf5000 	/System/Library/Frameworks/Carbon.framework/Versions/A/Frameworks/ImageCapture.framework/Versions/A/ImageCapture
0x0000000026cf5000 	/System/Library/Frameworks/Carbon.framework/Versions/A/Frameworks/OpenScripting.framework/Versions/A/OpenScripting
0x0000000026cf5000 	/System/Library/Frameworks/Carbon.framework/Versions/A/Frameworks/Print.framework/Versions/A/Print
0x0000000026cf5000 	/System/Library/Frameworks/Carbon.framework/Versions/A/Frameworks/SecurityHI.framework/Versions/A/SecurityHI
0x000000011fd99000 	/Library/Java/JavaVirtualMachines/jdk1.8.0_131.jdk/Contents/Home/jre/lib/libnet.dylib
0x000000011fdf8000 	/Library/Java/JavaVirtualMachines/jdk1.8.0_131.jdk/Contents/Home/jre/lib/libawt.dylib
0x000000011fea0000 	/Library/Java/JavaVirtualMachines/jdk1.8.0_131.jdk/Contents/Home/jre/lib/./libmlib_image.dylib
0x000000011ff6c000 	/Library/Java/JavaVirtualMachines/jdk1.8.0_131.jdk/Contents/Home/jre/lib/libawt_lwawt.dylib
0x0000000120023000 	/Library/Java/JavaVirtualMachines/jdk1.8.0_131.jdk/Contents/Home/jre/lib/./libosxapp.dylib
0x0000000026cf5000 	/System/Library/Frameworks/ExceptionHandling.framework/Versions/A/ExceptionHandling
0x0000000026cf5000 	/System/Library/PrivateFrameworks/CoreServicesInternal.framework/Versions/A/CoreServicesInternal
0x0000000026cf5000 	/System/Library/CoreServices/RawCamera.bundle/Contents/MacOS/RawCamera
0x0000000026cf5000 	/System/Library/Frameworks/Accelerate.framework/Versions/A/Frameworks/vImage.framework/Versions/A/Libraries/libCGInterfaces.dylib
0x0000000026cf5000 	/System/Library/Frameworks/ApplicationServices.framework/Versions/A/Frameworks/ATS.framework/Versions/A/Resources/libTrueTypeScaler.dylib
0x00000001220d6000 	/System/Library/Frameworks/OpenGL.framework/Resources/GLEngine.bundle/GLEngine
0x0000000026cf5000 	/System/Library/Frameworks/OpenGL.framework/Versions/A/Libraries/libGLProgrammability.dylib
0x00000001222bb000 	/System/Library/Extensions/AppleIntelSKLGraphicsGLDriver.bundle/Contents/MacOS/AppleIntelSKLGraphicsGLDriver
0x0000000026cf5000 	/System/Library/PrivateFrameworks/GPUSupport.framework/Versions/A/Libraries/libGPUSupportMercury.dylib
0x00000001217d2000 	/System/Library/Extensions/AMDRadeonX4000GLDriver.bundle/Contents/MacOS/AMDRadeonX4000GLDriver
0x000000012303f000 	/System/Library/Extensions/AMDRadeonX4000GLDriver.bundle/Contents/MacOS/ATIRadeonX4000SCLib.dylib
0x00000001218b2000 	/System/Library/Frameworks/OpenGL.framework/Resources//GLRendererFloat.bundle/GLRendererFloat
0x0000000026cf5000 	/System/Library/Frameworks/OpenCL.framework/Versions/A/Libraries/libcldcpuengine.dylib
0x0000000026cf5000 	/usr/lib/libcrypto.0.9.8.dylib
0x0000000026cf5000 	/System/Library/PrivateFrameworks/TrustEvaluationAgent.framework/Versions/A/TrustEvaluationAgent
0x0000000026cf5000 	/System/Library/Extensions/AMDMTLBronzeDriver.bundle/Contents/MacOS/AMDMTLBronzeDriver
0x0000000026cf5000 	/System/Library/PrivateFrameworks/IOAccelMemoryInfo.framework/Versions/A/IOAccelMemoryInfo
0x000000012361c000 	/System/Library/Extensions/AppleIntelSKLGraphicsMTLDriver.bundle/Contents/MacOS/AppleIntelSKLGraphicsMTLDriver
0x0000000026cf5000 	/System/Library/PrivateFrameworks/FamilyControls.framework/Versions/A/FamilyControls
0x0000000026cf5000 	/System/Library/PrivateFrameworks/CommerceKit.framework/Versions/A/Frameworks/CommerceCore.framework/Versions/A/CommerceCore
0x0000000026cf5000 	/System/Library/PrivateFrameworks/SystemAdministration.framework/Versions/A/SystemAdministration
0x0000000026cf5000 	/System/Library/PrivateFrameworks/AppContainer.framework/Versions/A/AppContainer
0x0000000026cf5000 	/System/Library/PrivateFrameworks/SecCodeWrapper.framework/Versions/A/SecCodeWrapper
0x0000000026cf5000 	/System/Library/Frameworks/DirectoryService.framework/Versions/A/DirectoryService
0x0000000026cf5000 	/System/Library/PrivateFrameworks/DiskImages.framework/Versions/A/DiskImages
0x0000000026cf5000 	/System/Library/PrivateFrameworks/LoginUIKit.framework/Versions/A/Frameworks/LoginUICore.framework/Versions/A/LoginUICore
0x0000000026cf5000 	/usr/lib/libCoreStorage.dylib
0x0000000026cf5000 	/usr/lib/libcsfde.dylib
0x0000000026cf5000 	/usr/lib/libodfde.dylib
0x0000000026cf5000 	/System/Library/Frameworks/DiscRecording.framework/Versions/A/DiscRecording
0x0000000026cf5000 	/usr/lib/libcurl.4.dylib
0x0000000026cf5000 	/System/Library/PrivateFrameworks/MediaKit.framework/Versions/A/MediaKit
0x0000000026cf5000 	/System/Library/PrivateFrameworks/ProtectedCloudStorage.framework/Versions/A/ProtectedCloudStorage
0x0000000026cf5000 	/System/Library/PrivateFrameworks/EFILogin.framework/Versions/A/EFILogin
0x0000000026cf5000 	/usr/lib/libutil.dylib
0x0000000026cf5000 	/System/Library/Frameworks/LDAP.framework/Versions/A/LDAP
0x0000000026cf5000 	/usr/lib/libsasl2.2.dylib
0x0000000026cf5000 	/System/Library/PrivateFrameworks/CoreDaemon.framework/Versions/B/CoreDaemon
0x0000000026cf5000 	/System/Library/PrivateFrameworks/AppleSRP.framework/Versions/A/AppleSRP
0x0000000026cf5000 	/System/Library/PrivateFrameworks/APFS.framework/Versions/A/APFS
0x0000000124bd3000 	/Library/Java/JavaVirtualMachines/jdk1.8.0_131.jdk/Contents/Home/jre/lib/libfontmanager.dylib
0x00000001217c2000 	/Library/Java/JavaVirtualMachines/jdk1.8.0_131.jdk/Contents/Home/jre/lib/libosxui.dylib
0x0000000026cf5000 	/System/Library/PrivateFrameworks/ViewBridge.framework/Versions/A/ViewBridge
0x0000000026cf5000 	/System/Library/PrivateFrameworks/XPCService.framework/Versions/A/XPCService
0x0000000026cf5000 	/System/Library/PrivateFrameworks/AppSandbox.framework/Versions/A/AppSandbox
0x0000000026cf5000 	/usr/lib/libsandbox.1.dylib
0x0000000026cf5000 	/usr/lib/libMatch.1.dylib

VM Arguments:
jvm_args: -Djava.library.path=/Users/westjb/Documents/GitHub/HAL-examples/HAL/lib -javaagent:/Applications/IntelliJ IDEA CE.app/Contents/lib/idea_rt.jar=54389:/Applications/IntelliJ IDEA CE.app/Contents/bin -Dfile.encoding=UTF-8 
java_command: PersianModel.PersianCarpets
java_class_path (initial): /Library/Java/JavaVirtualMachines/jdk1.8.0_131.jdk/Contents/Home/jre/lib/charsets.jar:/Library/Java/JavaVirtualMachines/jdk1.8.0_131.jdk/Contents/Home/jre/lib/deploy.jar:/Library/Java/JavaVirtualMachines/jdk1.8.0_131.jdk/Contents/Home/jre/lib/ext/cldrdata.jar:/Library/Java/JavaVirtualMachines/jdk1.8.0_131.jdk/Contents/Home/jre/lib/ext/dnsns.jar:/Library/Java/JavaVirtualMachines/jdk1.8.0_131.jdk/Contents/Home/jre/lib/ext/jaccess.jar:/Library/Java/JavaVirtualMachines/jdk1.8.0_131.jdk/Contents/Home/jre/lib/ext/jfxrt.jar:/Library/Java/JavaVirtualMachines/jdk1.8.0_131.jdk/Contents/Home/jre/lib/ext/localedata.jar:/Library/Java/JavaVirtualMachines/jdk1.8.0_131.jdk/Contents/Home/jre/lib/ext/nashorn.jar:/Library/Java/JavaVirtualMachines/jdk1.8.0_131.jdk/Contents/Home/jre/lib/ext/sunec.jar:/Library/Java/JavaVirtualMachines/jdk1.8.0_131.jdk/Contents/Home/jre/lib/ext/sunjce_provider.jar:/Library/Java/JavaVirtualMachines/jdk1.8.0_131.jdk/Contents/Home/jre/lib/ext/sunpkcs11.jar:/Library/Java/JavaVirtualMachines/jdk1.8.0_131.jdk/Contents/Home/jre/lib/ext/zipfs.jar:/Library/Java/JavaVirtualMachines/jdk1.8.0_131.jdk/Contents/Home/jre/lib/javaws.jar:/Library/Java/JavaVirtualMachines/jdk1.8.0_131.jdk/Contents/Home/jre/lib/jce.jar:/Library/Java/JavaVirtualMachines/jdk1.8.0_131.jdk/Contents/Home/jre/lib/jfr.jar:/Library/Java/JavaVirtualMachines/jdk1.8.0_131.jdk/Contents/Home/jre/lib/jfxswt.jar:/Library/Java/JavaVirtualMachines/jdk1.8.0_131.jdk/Contents/Home/jre/lib/jsse.jar:/Library/Java/JavaVirtualMachines/jdk1.8.0_131.jdk/Contents/Home/jre/lib/management-agent.jar:/Library/Java/JavaVirtualMachines/jdk1.8.0_131.jdk/Contents/Home/jre/lib/plugin.jar:/Library/Java/JavaVirtualMachines/jdk1.8.0_131.jdk/Contents/Home/jre/lib/resources.jar:/Library/Java/JavaVirtualMachines/jdk1.8.0_131.jdk/Contents/Home/jre/lib/rt.jar:/Library/Java/JavaVirtualMachines/jdk1.8.0_131.jdk/Contents/Home/lib/ant-javafx.jar:/Library/Java/JavaVirtualMachines/jdk1.8.0_131.jdk/Contents/Home
Launcher Type: SUN_STANDARD

Environment Variables:
PATH=/usr/bin:/bin:/usr/sbin:/sbin
SHELL=/bin/bash

Signal Handlers:
SIGSEGV: [libjvm.dylib+0x5b1eb1], sa_mask[0]=11111111011111110111111111111111, sa_flags=SA_ONSTACK|SA_RESTART|SA_SIGINFO
SIGBUS: [libjvm.dylib+0x5b1eb1], sa_mask[0]=11111111011111110111111111111111, sa_flags=SA_RESTART|SA_SIGINFO
SIGFPE: [libjvm.dylib+0x488988], sa_mask[0]=11111111011111110111111111111111, sa_flags=SA_RESTART|SA_SIGINFO
SIGPIPE: [libjvm.dylib+0x488988], sa_mask[0]=11111111011111110111111111111111, sa_flags=SA_RESTART|SA_SIGINFO
SIGXFSZ: [libjvm.dylib+0x488988], sa_mask[0]=11111111011111110111111111111111, sa_flags=SA_RESTART|SA_SIGINFO
SIGILL: [libjvm.dylib+0x488988], sa_mask[0]=11111111011111110111111111111111, sa_flags=SA_RESTART|SA_SIGINFO
SIGUSR1: SIG_DFL, sa_mask[0]=00000000000000000000000000000000, sa_flags=none
SIGUSR2: [libjvm.dylib+0x4884a6], sa_mask[0]=00100000000000000000000000000000, sa_flags=SA_RESTART|SA_SIGINFO
SIGHUP: [libjvm.dylib+0x486a7d], sa_mask[0]=11111111011111110111111111111111, sa_flags=SA_RESTART|SA_SIGINFO
SIGINT: [libjvm.dylib+0x486a7d], sa_mask[0]=11111111011111110111111111111111, sa_flags=SA_RESTART|SA_SIGINFO
SIGTERM: [libjvm.dylib+0x486a7d], sa_mask[0]=11111111011111110111111111111111, sa_flags=SA_RESTART|SA_SIGINFO
SIGQUIT: [libjvm.dylib+0x486a7d], sa_mask[0]=11111111011111110111111111111111, sa_flags=SA_RESTART|SA_SIGINFO


---------------  S Y S T E M  ---------------

OS:Bsduname:Darwin 16.7.0 Darwin Kernel Version 16.7.0: Thu Jun 15 17:36:27 PDT 2017; root:xnu-3789.70.16~2/RELEASE_X86_64 x86_64
rlimit: STACK 8192k, CORE 0k, NPROC 709, NOFILE 10240, AS infinity
load average:2.09 2.30 2.37

CPU:total 8 (initial active 8) (4 cores per cpu, 2 threads per core) family 6 model 94 stepping 3, cmov, cx8, fxsr, mmx, sse, sse2, sse3, ssse3, sse4.1, sse4.2, popcnt, avx, avx2, aes, clmul, erms, rtm, 3dnowpref, lzcnt, ht, tsc, tscinvbit, bmi1, bmi2, adx

Memory: 4k page, physical 16777216k(154536k free)

/proc/meminfo:


vm_info: Java HotSpot(TM) 64-Bit Server VM (25.131-b11) for bsd-amd64 JRE (1.8.0_131-b11), built on Mar 15 2017 01:32:22 by "java_re" with gcc 4.2.1 (Based on Apple Inc. build 5658) (LLVM build 2336.11.00)

time: Sat Mar 21 19:25:40 2020
elapsed time: 3272 seconds (0d 0h 54m 32s)

