#
# A fatal error has been detected by the Java Runtime Environment:
#
#  SIGSEGV (0xb) at pc=0x000000011012040c, pid=16513, tid=0x0000000000005703
#
# JRE version: Java(TM) SE Runtime Environment (8.0_131-b11) (build 1.8.0_131-b11)
# Java VM: Java HotSpot(TM) 64-Bit Server VM (25.131-b11 mixed mode bsd-amd64 compressed oops)
# Problematic frame:
# V  [libjvm.dylib+0x46440c]  Monitor::IUnlock(bool)+0xfe
#
# Failed to write core dump. Core dumps have been disabled. To enable core dumping, try "ulimit -c unlimited" before starting Java again
#
# If you would like to submit a bug report, please visit:
#   http://bugreport.java.com/bugreport/crash.jsp
#

---------------  T H R E A D  ---------------

Current thread (0x00007fc920806800):  WatcherThread [stack: 0x0000700002314000,0x0000700002414000] [id=22275]

siginfo: si_signo: 11 (SIGSEGV), si_code: 1 (SEGV_MAPERR), si_addr: 0x00002000000000d8

Registers:
RAX=0x0000200000000000, RBX=0x0000000000000032, RCX=0x00007fc91e102d58, RDX=0x00000001105ad428
RSP=0x0000700002413dd0, RBP=0x0000700002413dd0, RSI=0x00000001105a3f86, RDI=0x00007fc91e102d40
R8 =0x0000000000000001, R9 =0x0000200000000000, R10=0x0000000000000000, R11=0xffffffff00000001
R12=0x0000000000000034, R13=0x0000000000005701, R14=0x000017787c59fa64, R15=0x431bde82d7b634db
RIP=0x000000011012040c, EFLAGS=0x0000000000010206, ERR=0x0000000000000004
  TRAPNO=0x000000000000000e

Top of Stack: (sp=0x0000700002413dd0)
0x0000700002413dd0:   0000700002413e20 0000000110227db9
0x0000700002413de0:   00007fc91d41d7d0 00000002101fb470
0x0000700002413df0:   00007fc91e102d40 00007fc920806800
0x0000700002413e00:   000000000005f1c1 0000000000005703
0x0000700002413e10:   0000000000000020 00007fc91d41d840
0x0000700002413e20:   0000700002413e90 0000000110228be1
0x0000700002413e30:   0000000000000000 0000000000000001
0x0000700002413e40:   0000700002413e90 0000000110120d25
0x0000700002413e50:   0000000000000000 00007fc91d41d840
0x0000700002413e60:   00007fc91d41d7d0 00007fc920806800
0x0000700002413e70:   000000000005f1c1 0000000000005703
0x0000700002413e80:   00007fc91d41d7d0 00007fc91d41d840
0x0000700002413e90:   0000700002413ef0 0000000110147376
0x0000700002413ea0:   0000000000000000 00007fc91d41d840
0x0000700002413eb0:   0000000600000000 000000000005f1c1
0x0000700002413ec0:   00007000024140e0 0000700002414180
0x0000700002413ed0:   0000700002414000 0000000110147280
0x0000700002413ee0:   000000001c0008ff 00007fc920806800
0x0000700002413ef0:   0000700002413f10 00007fffb1a8c93b
0x0000700002413f00:   0000000000005700 0000700002414000
0x0000700002413f10:   0000700002413f50 00007fffb1a8c887
0x0000700002413f20:   0000000000000000 0000000000000000
0x0000700002413f30:   0000000000000000 0000000000000000
0x0000700002413f40:   0000000000000000 0000000000000000
0x0000700002413f50:   0000700002413f78 00007fffb1a8c08d
0x0000700002413f60:   0000000000000000 0000000000000000
0x0000700002413f70:   0000000000000000 0000000000000000
0x0000700002413f80:   0000000000000000 0000000000000000
0x0000700002413f90:   0000000000000000 0000000000000000
0x0000700002413fa0:   0000000000000000 0000000000000000
0x0000700002413fb0:   0000000000000000 0000000000000000
0x0000700002413fc0:   0000000000000000 0000000000000000 

Instructions: (pc=0x000000011012040c)
0x00000001101203ec:   00 41 0f 95 c3 4c 89 c8 41 80 fb 00 74 01 f0 4c
0x00000001101203fc:   0f b1 17 4c 39 c8 75 d0 49 83 e1 fe 4c 89 4f 10
0x000000011012040c:   49 8b 89 d8 00 00 00 48 89 4f 10 4c 89 4f 18 48
0x000000011012041c:   8d 0d 06 d0 48 00 83 39 01 75 0c 48 8d 0d 58 3b 

Register to memory mapping:

RAX=0x0000200000000000 is an unknown value
RBX=0x0000000000000032 is an unknown value
RCX=0x00007fc91e102d58 is an unknown value
RDX=0x00000001105ad428: _ZN2os16_processor_countE+0 in /Library/Java/JavaVirtualMachines/jdk1.8.0_131.jdk/Contents/Home/jre/lib/server/libjvm.dylib at 0x000000010fcbc000
RSP=0x0000700002413dd0 is an unknown value
RBP=0x0000700002413dd0 is an unknown value
RSI=0x00000001105a3f86: AssumeMP+0 in /Library/Java/JavaVirtualMachines/jdk1.8.0_131.jdk/Contents/Home/jre/lib/server/libjvm.dylib at 0x000000010fcbc000
RDI=0x00007fc91e102d40 is an unknown value
R8 =0x0000000000000001 is an unknown value
R9 =0x0000200000000000 is an unknown value
R10=0x0000000000000000 is an unknown value
R11=0xffffffff00000001 is an unknown value
R12=0x0000000000000034 is an unknown value
R13=0x0000000000005701 is an unknown value
R14=0x000017787c59fa64 is an unknown value
R15=0x431bde82d7b634db is an unknown value


Stack: [0x0000700002314000,0x0000700002414000],  sp=0x0000700002413dd0,  free space=1023k
Native frames: (J=compiled Java code, j=interpreted, Vv=VM code, C=native code)
V  [libjvm.dylib+0x46440c]  Monitor::IUnlock(bool)+0xfe
V  [libjvm.dylib+0x56bdb9]  WatcherThread::sleep() const+0xdb
V  [libjvm.dylib+0x56cbe1]  WatcherThread::run()+0xf3
V  [libjvm.dylib+0x48b376]  java_start(Thread*)+0xf6
C  [libsystem_pthread.dylib+0x393b]  _pthread_body+0xb4
C  [libsystem_pthread.dylib+0x3887]  _pthread_body+0x0
C  [libsystem_pthread.dylib+0x308d]  thread_start+0xd


---------------  P R O C E S S  ---------------

Java Threads: ( => current thread )
  0x00007fc91f9bd800 JavaThread "AWT-EventQueue-0" [_thread_in_Java, id=67843, stack(0x0000700002a32000,0x0000700002b32000)]
  0x00007fc9209d2800 JavaThread "Java2D Disposer" daemon [_thread_blocked, id=63759, stack(0x00007000028ac000,0x00007000029ac000)]
  0x00007fc920157800 JavaThread "Java2D Queue Flusher" daemon [_thread_blocked, id=63243, stack(0x00007000027a9000,0x00007000028a9000)]
  0x00007fc91f913000 JavaThread "AWT-Shutdown" [_thread_blocked, id=32543, stack(0x000070000249a000,0x000070000259a000)]
  0x00007fc91f0ff800 JavaThread "AppKit Thread" daemon [_thread_in_native, id=775, stack(0x00007fff50d83000,0x00007fff51583000)]
  0x00007fc91f8ac800 JavaThread "Service Thread" daemon [_thread_blocked, id=21763, stack(0x0000700002211000,0x0000700002311000)]
  0x00007fc921806800 JavaThread "C1 CompilerThread3" daemon [_thread_blocked, id=21251, stack(0x000070000210e000,0x000070000220e000)]
  0x00007fc921805800 JavaThread "C2 CompilerThread2" daemon [_thread_blocked, id=20739, stack(0x000070000200b000,0x000070000210b000)]
  0x00007fc91e800800 JavaThread "C2 CompilerThread1" daemon [_thread_blocked, id=20227, stack(0x0000700001f08000,0x0000700002008000)]
  0x00007fc920822000 JavaThread "C2 CompilerThread0" daemon [_thread_blocked, id=19715, stack(0x0000700001e05000,0x0000700001f05000)]
  0x00007fc92080c000 JavaThread "Monitor Ctrl-Break" daemon [_thread_in_native, id=19203, stack(0x0000700001d02000,0x0000700001e02000)]
  0x00007fc91f059000 JavaThread "Signal Dispatcher" daemon [_thread_blocked, id=18691, stack(0x0000700001bff000,0x0000700001cff000)]
  0x00007fc91f057800 JavaThread "Finalizer" daemon [_thread_blocked, id=14339, stack(0x0000700001a79000,0x0000700001b79000)]
  0x00007fc920806000 JavaThread "Reference Handler" daemon [_thread_blocked, id=13827, stack(0x0000700001976000,0x0000700001a76000)]
  0x00007fc91d80a000 JavaThread "main" [_thread_in_Java, id=6915, stack(0x0000700000f58000,0x0000700001058000)]

Other Threads:
  0x00007fc920801000 VMThread [stack: 0x0000700001873000,0x0000700001973000] [id=13315]
=>0x00007fc920806800 WatcherThread [stack: 0x0000700002314000,0x0000700002414000] [id=22275]

VM state:not at safepoint (normal execution)

VM Mutex/Monitor currently owned by a thread: None

Heap:
 PSYoungGen      total 683520K, used 148506K [0x000000076ab00000, 0x0000000795e00000, 0x00000007c0000000)
  eden space 661504K, 24% used [0x000000076ab00000,0x0000000774653890,0x0000000793100000)
  from space 22016K, 1% used [0x0000000794880000,0x00000007948c0000,0x0000000795e00000)
  to   space 23040K, 0% used [0x0000000793100000,0x0000000793100000,0x0000000794780000)
 ParOldGen       total 244224K, used 176280K [0x00000006c0000000, 0x00000006cee80000, 0x000000076ab00000)
  object space 244224K, 72% used [0x00000006c0000000,0x00000006cac261b0,0x00000006cee80000)
 Metaspace       used 10257K, capacity 10514K, committed 10752K, reserved 1058816K
  class space    used 1184K, capacity 1270K, committed 1280K, reserved 1048576K

Card table byte_map: [0x000000011fc5f000,0x0000000120460000] byte_map_base: 0x000000011c65f000

Marking Bits: (ParMarkBitMap*) 0x00000001105adea0
 Begin Bits: [0x00000001209b6000, 0x00000001249b6000)
 End Bits:   [0x00000001249b6000, 0x00000001289b6000)

Polling page: 0x000000010e73d000

CodeCache: size=245760Kb used=4868Kb max_used=4955Kb free=240891Kb
 bounds [0x0000000110c5f000, 0x000000011114f000, 0x000000011fc5f000]
 total_blobs=1780 nmethods=1264 adapters=430
 compilation: enabled

Compilation events (10 events):
Event: 76.801 Thread 0x00007fc921805800 1404       4       sun.lwawt.LWComponentPeer::computeVisibleRect (75 bytes)
Event: 76.802 Thread 0x00007fc921805800 nmethod 1404 0x0000000110f48210 code [0x0000000110f48360, 0x0000000110f483d8]
Event: 76.802 Thread 0x00007fc921805800 1405       4       sun.lwawt.LWContainerPeer::cutChildren (120 bytes)
Event: 76.805 Thread 0x00007fc921805800 nmethod 1405 0x0000000110ee1610 code [0x0000000110ee17a0, 0x0000000110ee1bd8]
Event: 76.806 Thread 0x00007fc920822000 nmethod 1403 0x0000000110deee50 code [0x0000000110deefe0, 0x0000000110def428]
Event: 76.813 Thread 0x00007fc91e800800 nmethod 1402 0x0000000110e80890 code [0x0000000110e80a60, 0x0000000110e814f8]
Event: 81.095 Thread 0x00007fc921805800 1406       4       sun.awt.EventQueueDelegate::getDelegate (13 bytes)
Event: 81.096 Thread 0x00007fc921805800 nmethod 1406 0x0000000110ee6d90 code [0x0000000110ee6f00, 0x0000000110ee7048]
Event: 82.663 Thread 0x00007fc920822000 1407       4       java.util.ArrayList::remove (69 bytes)
Event: 82.664 Thread 0x00007fc920822000 nmethod 1407 0x0000000110eace90 code [0x0000000110eacfe0, 0x0000000110ead118]

GC Heap History (10 events):
Event: 87.707 GC heap before
{Heap before GC invocations=133 (full 1):
 PSYoungGen      total 683008K, used 655520K [0x000000076ab00000, 0x0000000796100000, 0x00000007c0000000)
  eden space 655360K, 100% used [0x000000076ab00000,0x0000000792b00000,0x0000000792b00000)
  from space 27648K, 0% used [0x0000000792b00000,0x0000000792b28000,0x0000000794600000)
  to   space 26624K, 0% used [0x0000000794700000,0x0000000794700000,0x0000000796100000)
 ParOldGen       total 244224K, used 176280K [0x00000006c0000000, 0x00000006cee80000, 0x000000076ab00000)
  object space 244224K, 72% used [0x00000006c0000000,0x00000006cac261b0,0x00000006cee80000)
 Metaspace       used 10257K, capacity 10514K, committed 10752K, reserved 1058816K
  class space    used 1184K, capacity 1270K, committed 1280K, reserved 1048576K
Event: 87.708 GC heap after
Heap after GC invocations=133 (full 1):
 PSYoungGen      total 681984K, used 192K [0x000000076ab00000, 0x0000000795f00000, 0x00000007c0000000)
  eden space 657408K, 0% used [0x000000076ab00000,0x000000076ab00000,0x0000000792d00000)
  from space 24576K, 0% used [0x0000000794700000,0x0000000794730000,0x0000000795f00000)
  to   space 25600K, 0% used [0x0000000792d00000,0x0000000792d00000,0x0000000794600000)
 ParOldGen       total 244224K, used 176280K [0x00000006c0000000, 0x00000006cee80000, 0x000000076ab00000)
  object space 244224K, 72% used [0x00000006c0000000,0x00000006cac261b0,0x00000006cee80000)
 Metaspace       used 10257K, capacity 10514K, committed 10752K, reserved 1058816K
  class space    used 1184K, capacity 1270K, committed 1280K, reserved 1048576K
}
Event: 88.464 GC heap before
{Heap before GC invocations=134 (full 1):
 PSYoungGen      total 681984K, used 657600K [0x000000076ab00000, 0x0000000795f00000, 0x00000007c0000000)
  eden space 657408K, 100% used [0x000000076ab00000,0x0000000792d00000,0x0000000792d00000)
  from space 24576K, 0% used [0x0000000794700000,0x0000000794730000,0x0000000795f00000)
  to   space 25600K, 0% used [0x0000000792d00000,0x0000000792d00000,0x0000000794600000)
 ParOldGen       total 244224K, used 176280K [0x00000006c0000000, 0x00000006cee80000, 0x000000076ab00000)
  object space 244224K, 72% used [0x00000006c0000000,0x00000006cac261b0,0x00000006cee80000)
 Metaspace       used 10257K, capacity 10514K, committed 10752K, reserved 1058816K
  class space    used 1184K, capacity 1270K, committed 1280K, reserved 1048576K
Event: 88.466 GC heap after
Heap after GC invocations=134 (full 1):
 PSYoungGen      total 683008K, used 224K [0x000000076ab00000, 0x0000000795e00000, 0x00000007c0000000)
  eden space 657408K, 0% used [0x000000076ab00000,0x000000076ab00000,0x0000000792d00000)
  from space 25600K, 0% used [0x0000000792d00000,0x0000000792d38000,0x0000000794600000)
  to   space 24064K, 0% used [0x0000000794680000,0x0000000794680000,0x0000000795e00000)
 ParOldGen       total 244224K, used 176280K [0x00000006c0000000, 0x00000006cee80000, 0x000000076ab00000)
  object space 244224K, 72% used [0x00000006c0000000,0x00000006cac261b0,0x00000006cee80000)
 Metaspace       used 10257K, capacity 10514K, committed 10752K, reserved 1058816K
  class space    used 1184K, capacity 1270K, committed 1280K, reserved 1048576K
}
Event: 89.209 GC heap before
{Heap before GC invocations=135 (full 1):
 PSYoungGen      total 683008K, used 657632K [0x000000076ab00000, 0x0000000795e00000, 0x00000007c0000000)
  eden space 657408K, 100% used [0x000000076ab00000,0x0000000792d00000,0x0000000792d00000)
  from space 25600K, 0% used [0x0000000792d00000,0x0000000792d38000,0x0000000794600000)
  to   space 24064K, 0% used [0x0000000794680000,0x0000000794680000,0x0000000795e00000)
 ParOldGen       total 244224K, used 176280K [0x00000006c0000000, 0x00000006cee80000, 0x000000076ab00000)
  object space 244224K, 72% used [0x00000006c0000000,0x00000006cac261b0,0x00000006cee80000)
 Metaspace       used 10257K, capacity 10514K, committed 10752K, reserved 1058816K
  class space    used 1184K, capacity 1270K, committed 1280K, reserved 1048576K
Event: 89.210 GC heap after
Heap after GC invocations=135 (full 1):
 PSYoungGen      total 681472K, used 224K [0x000000076ab00000, 0x0000000795c00000, 0x00000007c0000000)
  eden space 659456K, 0% used [0x000000076ab00000,0x000000076ab00000,0x0000000792f00000)
  from space 22016K, 1% used [0x0000000794680000,0x00000007946b8000,0x0000000795c00000)
  to   space 23040K, 0% used [0x0000000792f00000,0x0000000792f00000,0x0000000794580000)
 ParOldGen       total 244224K, used 176280K [0x00000006c0000000, 0x00000006cee80000, 0x000000076ab00000)
  object space 244224K, 72% used [0x00000006c0000000,0x00000006cac261b0,0x00000006cee80000)
 Metaspace       used 10257K, capacity 10514K, committed 10752K, reserved 1058816K
  class space    used 1184K, capacity 1270K, committed 1280K, reserved 1048576K
}
Event: 89.963 GC heap before
{Heap before GC invocations=136 (full 1):
 PSYoungGen      total 681472K, used 659680K [0x000000076ab00000, 0x0000000795c00000, 0x00000007c0000000)
  eden space 659456K, 100% used [0x000000076ab00000,0x0000000792f00000,0x0000000792f00000)
  from space 22016K, 1% used [0x0000000794680000,0x00000007946b8000,0x0000000795c00000)
  to   space 23040K, 0% used [0x0000000792f00000,0x0000000792f00000,0x0000000794580000)
 ParOldGen       total 244224K, used 176280K [0x00000006c0000000, 0x00000006cee80000, 0x000000076ab00000)
  object space 244224K, 72% used [0x00000006c0000000,0x00000006cac261b0,0x00000006cee80000)
 Metaspace       used 10257K, capacity 10514K, committed 10752K, reserved 1058816K
  class space    used 1184K, capacity 1270K, committed 1280K, reserved 1048576K
Event: 89.965 GC heap after
Heap after GC invocations=136 (full 1):
 PSYoungGen      total 682496K, used 12030K [0x000000076ab00000, 0x0000000796000000, 0x00000007c0000000)
  eden space 659456K, 0% used [0x000000076ab00000,0x000000076ab00000,0x0000000792f00000)
  from space 23040K, 52% used [0x0000000792f00000,0x0000000793abf908,0x0000000794580000)
  to   space 24064K, 0% used [0x0000000794880000,0x0000000794880000,0x0000000796000000)
 ParOldGen       total 244224K, used 176280K [0x00000006c0000000, 0x00000006cee80000, 0x000000076ab00000)
  object space 244224K, 72% used [0x00000006c0000000,0x00000006cac261b0,0x00000006cee80000)
 Metaspace       used 10257K, capacity 10514K, committed 10752K, reserved 1058816K
  class space    used 1184K, capacity 1270K, committed 1280K, reserved 1048576K
}
Event: 90.725 GC heap before
{Heap before GC invocations=137 (full 1):
 PSYoungGen      total 682496K, used 671486K [0x000000076ab00000, 0x0000000796000000, 0x00000007c0000000)
  eden space 659456K, 100% used [0x000000076ab00000,0x0000000792f00000,0x0000000792f00000)
  from space 23040K, 52% used [0x0000000792f00000,0x0000000793abf908,0x0000000794580000)
  to   space 24064K, 0% used [0x0000000794880000,0x0000000794880000,0x0000000796000000)
 ParOldGen       total 244224K, used 176280K [0x00000006c0000000, 0x00000006cee80000, 0x000000076ab00000)
  object space 244224K, 72% used [0x00000006c0000000,0x00000006cac261b0,0x00000006cee80000)
 Metaspace       used 10257K, capacity 10514K, committed 10752K, reserved 1058816K
  class space    used 1184K, capacity 1270K, committed 1280K, reserved 1048576K
Event: 90.727 GC heap after
Heap after GC invocations=137 (full 1):
 PSYoungGen      total 683520K, used 256K [0x000000076ab00000, 0x0000000795e00000, 0x00000007c0000000)
  eden space 661504K, 0% used [0x000000076ab00000,0x000000076ab00000,0x0000000793100000)
  from space 22016K, 1% used [0x0000000794880000,0x00000007948c0000,0x0000000795e00000)
  to   space 23040K, 0% used [0x0000000793100000,0x0000000793100000,0x0000000794780000)
 ParOldGen       total 244224K, used 176280K [0x00000006c0000000, 0x00000006cee80000, 0x000000076ab00000)
  object space 244224K, 72% used [0x00000006c0000000,0x00000006cac261b0,0x00000006cee80000)
 Metaspace       used 10257K, capacity 10514K, committed 10752K, reserved 1058816K
  class space    used 1184K, capacity 1270K, committed 1280K, reserved 1048576K
}

Deoptimization events (10 events):
Event: 1.365 Thread 0x00007fc91d80a000 Uncommon trap: reason=unstable_if action=reinterpret pc=0x0000000110e9da28 method=PersianModel.CellEx.DetermineFitness()V @ 78
Event: 1.396 Thread 0x00007fc91d80a000 Uncommon trap: reason=unstable_if action=reinterpret pc=0x0000000110ea15ac method=HAL.GridsAndAgents.InternalGridAgentList$AgentListIterator.hasNext()Z @ 11
Event: 1.433 Thread 0x00007fc91d80a000 Uncommon trap: reason=unstable_if action=reinterpret pc=0x0000000110eaa398 method=PersianModel.CellEx.SetFutureType()V @ 199
Event: 1.433 Thread 0x00007fc91d80a000 Uncommon trap: reason=unstable_if action=reinterpret pc=0x0000000110ea69a4 method=PersianModel.CellEx.SetFutureType()V @ 199
Event: 1.468 Thread 0x00007fc91f9bd800 Uncommon trap: reason=class_check action=maybe_recompile pc=0x0000000110e70798 method=java.lang.reflect.Field.set(Ljava/lang/Object;Ljava/lang/Object;)V @ 46
Event: 1.470 Thread 0x00007fc91d80a000 Uncommon trap: reason=unstable_if action=reinterpret pc=0x0000000110eb0a40 method=PersianModel.PersianCarpets.StepCells()V @ 42
Event: 1.483 Thread 0x00007fc91d80a000 Uncommon trap: reason=unstable_if action=reinterpret pc=0x0000000110ea58b4 method=PersianModel.PersianCarpets.StepCells()V @ 73
Event: 1.557 Thread 0x00007fc91d80a000 Uncommon trap: reason=unstable_if action=reinterpret pc=0x0000000110e9900c method=PersianModel.CellEx.DetermineFitness()V @ 78
Event: 30.730 Thread 0x00007fc91f9bd800 Uncommon trap: reason=range_check action=make_not_entrant pc=0x00000001110d7afc method=java.awt.image.DirectColorModel.getRedMask()I @ 5
Event: 40.986 Thread 0x00007fc91f9bd800 Uncommon trap: reason=null_check action=make_not_entrant pc=0x000000011109a100 method=sun.java2d.pipe.BufferedContext.validate(Lsun/java2d/pipe/hw/AccelSurface;Lsun/java2d/pipe/hw/AccelSurface;Lsun/java2d/pipe/Region;Ljava/awt/Composite;Ljava/awt/geom/Aff

Internal exceptions (10 events):
Event: 0.162 Thread 0x00007fc91d80a000 Exception <a 'java/lang/NoSuchFieldError': method resolution failed> (0x000000076b073670) thrown at [/Users/java_re/workspace/8-2-build-macosx-x86_64/jdk8u131/8869/hotspot/src/share/vm/prims/methodHandles.cpp, line 1146]
Event: 0.163 Thread 0x00007fc91d80a000 Exception <a 'java/lang/NoSuchFieldError': method resolution failed> (0x000000076b0818e8) thrown at [/Users/java_re/workspace/8-2-build-macosx-x86_64/jdk8u131/8869/hotspot/src/share/vm/prims/methodHandles.cpp, line 1146]
Event: 0.438 Thread 0x00007fc91d80a000 Exception <a 'java/security/PrivilegedActionException'> (0x000000076b68cce8) thrown at [/Users/java_re/workspace/8-2-build-macosx-x86_64/jdk8u131/8869/hotspot/src/share/vm/prims/jvm.cpp, line 1390]
Event: 0.438 Thread 0x00007fc91d80a000 Exception <a 'java/security/PrivilegedActionException'> (0x000000076b68d0e0) thrown at [/Users/java_re/workspace/8-2-build-macosx-x86_64/jdk8u131/8869/hotspot/src/share/vm/prims/jvm.cpp, line 1390]
Event: 0.438 Thread 0x00007fc91d80a000 Exception <a 'java/security/PrivilegedActionException'> (0x000000076b6905f8) thrown at [/Users/java_re/workspace/8-2-build-macosx-x86_64/jdk8u131/8869/hotspot/src/share/vm/prims/jvm.cpp, line 1390]
Event: 0.438 Thread 0x00007fc91d80a000 Exception <a 'java/security/PrivilegedActionException'> (0x000000076b6909f0) thrown at [/Users/java_re/workspace/8-2-build-macosx-x86_64/jdk8u131/8869/hotspot/src/share/vm/prims/jvm.cpp, line 1390]
Event: 0.440 Thread 0x00007fc91d80a000 Exception <a 'java/io/FileNotFoundException'> (0x000000076b698ff8) thrown at [/Users/java_re/workspace/8-2-build-macosx-x86_64/jdk8u131/8869/hotspot/src/share/vm/prims/jni.cpp, line 709]
Event: 0.440 Thread 0x00007fc91d80a000 Exception <a 'java/io/FileNotFoundException'> (0x000000076b699b60) thrown at [/Users/java_re/workspace/8-2-build-macosx-x86_64/jdk8u131/8869/hotspot/src/share/vm/prims/jni.cpp, line 709]
Event: 0.933 Thread 0x00007fc91f057800 Exception <a 'java/lang/NullPointerException'> (0x000000076ad248d0) thrown at [/Users/java_re/workspace/8-2-build-macosx-x86_64/jdk8u131/8869/hotspot/src/share/vm/interpreter/linkResolver.cpp, line 1197]
Event: 40.986 Thread 0x00007fc91f9bd800 Implicit null exception at 0x0000000111098f9e to 0x000000011109a0c9

Events (10 events):
Event: 87.707 Executing VM operation: ParallelGCFailedAllocation
Event: 87.708 Executing VM operation: ParallelGCFailedAllocation done
Event: 88.464 Executing VM operation: ParallelGCFailedAllocation
Event: 88.466 Executing VM operation: ParallelGCFailedAllocation done
Event: 89.208 Executing VM operation: ParallelGCFailedAllocation
Event: 89.210 Executing VM operation: ParallelGCFailedAllocation done
Event: 89.963 Executing VM operation: ParallelGCFailedAllocation
Event: 89.965 Executing VM operation: ParallelGCFailedAllocation done
Event: 90.725 Executing VM operation: ParallelGCFailedAllocation
Event: 90.727 Executing VM operation: ParallelGCFailedAllocation done


Dynamic libraries:
0x0000000026cf5000 	/System/Library/Frameworks/Cocoa.framework/Versions/A/Cocoa
0x0000000026cf5000 	/System/Library/Frameworks/Security.framework/Versions/A/Security
0x0000000026cf5000 	/System/Library/Frameworks/ApplicationServices.framework/Versions/A/ApplicationServices
0x0000000026cf5000 	/usr/lib/libz.1.dylib
0x0000000026cf5000 	/usr/lib/libSystem.B.dylib
0x0000000026cf5000 	/usr/lib/libobjc.A.dylib
0x0000000026cf5000 	/System/Library/Frameworks/CoreFoundation.framework/Versions/A/CoreFoundation
0x0000000026cf5000 	/System/Library/Frameworks/Foundation.framework/Versions/C/Foundation
0x0000000026cf5000 	/System/Library/Frameworks/AppKit.framework/Versions/C/AppKit
0x0000000026cf5000 	/System/Library/Frameworks/CoreData.framework/Versions/A/CoreData
0x0000000026cf5000 	/System/Library/PrivateFrameworks/RemoteViewServices.framework/Versions/A/RemoteViewServices
0x0000000026cf5000 	/System/Library/PrivateFrameworks/UIFoundation.framework/Versions/A/UIFoundation
0x0000000026cf5000 	/System/Library/PrivateFrameworks/DFRFoundation.framework/Versions/A/DFRFoundation
0x0000000026cf5000 	/usr/lib/libenergytrace.dylib
0x0000000026cf5000 	/System/Library/PrivateFrameworks/SkyLight.framework/Versions/A/SkyLight
0x0000000026cf5000 	/System/Library/Frameworks/CoreGraphics.framework/Versions/A/CoreGraphics
0x0000000026cf5000 	/usr/lib/libScreenReader.dylib
0x0000000026cf5000 	/System/Library/Frameworks/Accelerate.framework/Versions/A/Accelerate
0x0000000026cf5000 	/System/Library/Frameworks/IOSurface.framework/Versions/A/IOSurface
0x0000000026cf5000 	/System/Library/Frameworks/AudioToolbox.framework/Versions/A/AudioToolbox
0x0000000026cf5000 	/System/Library/Frameworks/AudioUnit.framework/Versions/A/AudioUnit
0x0000000026cf5000 	/System/Library/PrivateFrameworks/DataDetectorsCore.framework/Versions/A/DataDetectorsCore
0x0000000026cf5000 	/System/Library/PrivateFrameworks/DesktopServicesPriv.framework/Versions/A/DesktopServicesPriv
0x0000000026cf5000 	/System/Library/Frameworks/Carbon.framework/Versions/A/Frameworks/HIToolbox.framework/Versions/A/HIToolbox
0x0000000026cf5000 	/usr/lib/libicucore.A.dylib
0x0000000026cf5000 	/System/Library/Frameworks/QuartzCore.framework/Versions/A/QuartzCore
0x0000000026cf5000 	/System/Library/Frameworks/Carbon.framework/Versions/A/Frameworks/SpeechRecognition.framework/Versions/A/SpeechRecognition
0x0000000026cf5000 	/usr/lib/libauto.dylib
0x0000000026cf5000 	/usr/lib/libxml2.2.dylib
0x0000000026cf5000 	/System/Library/PrivateFrameworks/CoreUI.framework/Versions/A/CoreUI
0x0000000026cf5000 	/System/Library/Frameworks/CoreAudio.framework/Versions/A/CoreAudio
0x0000000026cf5000 	/System/Library/Frameworks/DiskArbitration.framework/Versions/A/DiskArbitration
0x0000000026cf5000 	/usr/lib/liblangid.dylib
0x0000000026cf5000 	/System/Library/PrivateFrameworks/MultitouchSupport.framework/Versions/A/MultitouchSupport
0x0000000026cf5000 	/System/Library/Frameworks/IOKit.framework/Versions/A/IOKit
0x0000000026cf5000 	/usr/lib/libDiagnosticMessagesClient.dylib
0x0000000026cf5000 	/System/Library/Frameworks/CoreServices.framework/Versions/A/CoreServices
0x0000000026cf5000 	/System/Library/PrivateFrameworks/PerformanceAnalysis.framework/Versions/A/PerformanceAnalysis
0x0000000026cf5000 	/System/Library/PrivateFrameworks/GenerationalStorage.framework/Versions/A/GenerationalStorage
0x0000000026cf5000 	/System/Library/Frameworks/OpenGL.framework/Versions/A/OpenGL
0x0000000026cf5000 	/System/Library/Frameworks/CoreImage.framework/Versions/A/CoreImage
0x0000000026cf5000 	/System/Library/Frameworks/CoreText.framework/Versions/A/CoreText
0x0000000026cf5000 	/System/Library/Frameworks/ImageIO.framework/Versions/A/ImageIO
0x0000000026cf5000 	/System/Library/PrivateFrameworks/Backup.framework/Versions/A/Backup
0x0000000026cf5000 	/usr/lib/libarchive.2.dylib
0x0000000026cf5000 	/System/Library/Frameworks/CFNetwork.framework/Versions/A/CFNetwork
0x0000000026cf5000 	/System/Library/Frameworks/SystemConfiguration.framework/Versions/A/SystemConfiguration
0x0000000026cf5000 	/usr/lib/libCRFSuite.dylib
0x0000000026cf5000 	/usr/lib/libc++.1.dylib
0x0000000026cf5000 	/usr/lib/libc++abi.dylib
0x0000000026cf5000 	/usr/lib/system/libcache.dylib
0x0000000026cf5000 	/usr/lib/system/libcommonCrypto.dylib
0x0000000026cf5000 	/usr/lib/system/libcompiler_rt.dylib
0x0000000026cf5000 	/usr/lib/system/libcopyfile.dylib
0x0000000026cf5000 	/usr/lib/system/libcorecrypto.dylib
0x0000000026cf5000 	/usr/lib/system/libdispatch.dylib
0x0000000026cf5000 	/usr/lib/system/libdyld.dylib
0x0000000026cf5000 	/usr/lib/system/libkeymgr.dylib
0x0000000026cf5000 	/usr/lib/system/liblaunch.dylib
0x0000000026cf5000 	/usr/lib/system/libmacho.dylib
0x0000000026cf5000 	/usr/lib/system/libquarantine.dylib
0x0000000026cf5000 	/usr/lib/system/libremovefile.dylib
0x0000000026cf5000 	/usr/lib/system/libsystem_asl.dylib
0x0000000026cf5000 	/usr/lib/system/libsystem_blocks.dylib
0x0000000026cf5000 	/usr/lib/system/libsystem_c.dylib
0x0000000026cf5000 	/usr/lib/system/libsystem_configuration.dylib
0x0000000026cf5000 	/usr/lib/system/libsystem_coreservices.dylib
0x0000000026cf5000 	/usr/lib/system/libsystem_coretls.dylib
0x0000000026cf5000 	/usr/lib/system/libsystem_dnssd.dylib
0x0000000026cf5000 	/usr/lib/system/libsystem_info.dylib
0x0000000026cf5000 	/usr/lib/system/libsystem_kernel.dylib
0x0000000026cf5000 	/usr/lib/system/libsystem_m.dylib
0x0000000026cf5000 	/usr/lib/system/libsystem_malloc.dylib
0x0000000026cf5000 	/usr/lib/system/libsystem_network.dylib
0x0000000026cf5000 	/usr/lib/system/libsystem_networkextension.dylib
0x0000000026cf5000 	/usr/lib/system/libsystem_notify.dylib
0x0000000026cf5000 	/usr/lib/system/libsystem_platform.dylib
0x0000000026cf5000 	/usr/lib/system/libsystem_pthread.dylib
0x0000000026cf5000 	/usr/lib/system/libsystem_sandbox.dylib
0x0000000026cf5000 	/usr/lib/system/libsystem_secinit.dylib
0x0000000026cf5000 	/usr/lib/system/libsystem_symptoms.dylib
0x0000000026cf5000 	/usr/lib/system/libsystem_trace.dylib
0x0000000026cf5000 	/usr/lib/system/libunwind.dylib
0x0000000026cf5000 	/usr/lib/system/libxpc.dylib
0x0000000026cf5000 	/usr/lib/libbsm.0.dylib
0x0000000026cf5000 	/usr/lib/system/libkxld.dylib
0x0000000026cf5000 	/usr/lib/libcoretls.dylib
0x0000000026cf5000 	/usr/lib/libcoretls_cfhelpers.dylib
0x0000000026cf5000 	/usr/lib/libOpenScriptingUtil.dylib
0x0000000026cf5000 	/usr/lib/libpam.2.dylib
0x0000000026cf5000 	/usr/lib/libsqlite3.dylib
0x0000000026cf5000 	/usr/lib/libxar.1.dylib
0x0000000026cf5000 	/usr/lib/libbz2.1.0.dylib
0x0000000026cf5000 	/usr/lib/liblzma.5.dylib
0x0000000026cf5000 	/usr/lib/libnetwork.dylib
0x0000000026cf5000 	/usr/lib/libpcap.A.dylib
0x0000000026cf5000 	/System/Library/Frameworks/CoreServices.framework/Versions/A/Frameworks/FSEvents.framework/Versions/A/FSEvents
0x0000000026cf5000 	/System/Library/Frameworks/CoreServices.framework/Versions/A/Frameworks/CarbonCore.framework/Versions/A/CarbonCore
0x0000000026cf5000 	/System/Library/Frameworks/CoreServices.framework/Versions/A/Frameworks/Metadata.framework/Versions/A/Metadata
0x0000000026cf5000 	/System/Library/Frameworks/CoreServices.framework/Versions/A/Frameworks/OSServices.framework/Versions/A/OSServices
0x0000000026cf5000 	/System/Library/Frameworks/CoreServices.framework/Versions/A/Frameworks/SearchKit.framework/Versions/A/SearchKit
0x0000000026cf5000 	/System/Library/Frameworks/CoreServices.framework/Versions/A/Frameworks/AE.framework/Versions/A/AE
0x0000000026cf5000 	/System/Library/Frameworks/CoreServices.framework/Versions/A/Frameworks/LaunchServices.framework/Versions/A/LaunchServices
0x0000000026cf5000 	/System/Library/Frameworks/CoreServices.framework/Versions/A/Frameworks/DictionaryServices.framework/Versions/A/DictionaryServices
0x0000000026cf5000 	/System/Library/Frameworks/CoreServices.framework/Versions/A/Frameworks/SharedFileList.framework/Versions/A/SharedFileList
0x0000000026cf5000 	/System/Library/Frameworks/NetFS.framework/Versions/A/NetFS
0x0000000026cf5000 	/System/Library/PrivateFrameworks/NetAuth.framework/Versions/A/NetAuth
0x0000000026cf5000 	/System/Library/PrivateFrameworks/login.framework/Versions/A/Frameworks/loginsupport.framework/Versions/A/loginsupport
0x0000000026cf5000 	/System/Library/PrivateFrameworks/TCC.framework/Versions/A/TCC
0x0000000026cf5000 	/usr/lib/libmecabra.dylib
0x0000000026cf5000 	/System/Library/Frameworks/ApplicationServices.framework/Versions/A/Frameworks/ATS.framework/Versions/A/ATS
0x0000000026cf5000 	/System/Library/Frameworks/ApplicationServices.framework/Versions/A/Frameworks/ColorSync.framework/Versions/A/ColorSync
0x0000000026cf5000 	/System/Library/Frameworks/ApplicationServices.framework/Versions/A/Frameworks/HIServices.framework/Versions/A/HIServices
0x0000000026cf5000 	/System/Library/Frameworks/ApplicationServices.framework/Versions/A/Frameworks/LangAnalysis.framework/Versions/A/LangAnalysis
0x0000000026cf5000 	/System/Library/Frameworks/ApplicationServices.framework/Versions/A/Frameworks/PrintCore.framework/Versions/A/PrintCore
0x0000000026cf5000 	/System/Library/Frameworks/ApplicationServices.framework/Versions/A/Frameworks/QD.framework/Versions/A/QD
0x0000000026cf5000 	/System/Library/Frameworks/ApplicationServices.framework/Versions/A/Frameworks/SpeechSynthesis.framework/Versions/A/SpeechSynthesis
0x0000000026cf5000 	/System/Library/Frameworks/Accelerate.framework/Versions/A/Frameworks/vImage.framework/Versions/A/vImage
0x0000000026cf5000 	/System/Library/Frameworks/Accelerate.framework/Versions/A/Frameworks/vecLib.framework/Versions/A/vecLib
0x0000000026cf5000 	/System/Library/Frameworks/Accelerate.framework/Versions/A/Frameworks/vecLib.framework/Versions/A/libvDSP.dylib
0x0000000026cf5000 	/System/Library/Frameworks/Accelerate.framework/Versions/A/Frameworks/vecLib.framework/Versions/A/libBNNS.dylib
0x0000000026cf5000 	/System/Library/Frameworks/Accelerate.framework/Versions/A/Frameworks/vecLib.framework/Versions/A/libQuadrature.dylib
0x0000000026cf5000 	/System/Library/Frameworks/Accelerate.framework/Versions/A/Frameworks/vecLib.framework/Versions/A/libvMisc.dylib
0x0000000026cf5000 	/System/Library/Frameworks/Accelerate.framework/Versions/A/Frameworks/vecLib.framework/Versions/A/libLAPACK.dylib
0x0000000026cf5000 	/System/Library/Frameworks/Accelerate.framework/Versions/A/Frameworks/vecLib.framework/Versions/A/libBLAS.dylib
0x0000000026cf5000 	/System/Library/Frameworks/Accelerate.framework/Versions/A/Frameworks/vecLib.framework/Versions/A/libLinearAlgebra.dylib
0x0000000026cf5000 	/System/Library/Frameworks/Accelerate.framework/Versions/A/Frameworks/vecLib.framework/Versions/A/libSparseBLAS.dylib
0x0000000026cf5000 	/System/Library/Frameworks/ApplicationServices.framework/Versions/A/Frameworks/ATS.framework/Versions/A/Resources/libFontParser.dylib
0x0000000026cf5000 	/System/Library/Frameworks/ApplicationServices.framework/Versions/A/Frameworks/ATS.framework/Versions/A/Resources/libFontRegistry.dylib
0x0000000026cf5000 	/System/Library/Frameworks/ImageIO.framework/Versions/A/Resources/libJPEG.dylib
0x0000000026cf5000 	/System/Library/Frameworks/ImageIO.framework/Versions/A/Resources/libTIFF.dylib
0x0000000026cf5000 	/System/Library/Frameworks/ImageIO.framework/Versions/A/Resources/libPng.dylib
0x0000000026cf5000 	/System/Library/Frameworks/ImageIO.framework/Versions/A/Resources/libGIF.dylib
0x0000000026cf5000 	/System/Library/Frameworks/ImageIO.framework/Versions/A/Resources/libJP2.dylib
0x0000000026cf5000 	/System/Library/Frameworks/ImageIO.framework/Versions/A/Resources/libRadiance.dylib
0x0000000026cf5000 	/usr/lib/libcompression.dylib
0x0000000026cf5000 	/System/Library/PrivateFrameworks/AppleJPEG.framework/Versions/A/AppleJPEG
0x0000000026cf5000 	/usr/lib/libcups.2.dylib
0x0000000026cf5000 	/System/Library/Frameworks/Kerberos.framework/Versions/A/Kerberos
0x0000000026cf5000 	/System/Library/Frameworks/GSS.framework/Versions/A/GSS
0x0000000026cf5000 	/usr/lib/libresolv.9.dylib
0x0000000026cf5000 	/usr/lib/libiconv.2.dylib
0x0000000026cf5000 	/System/Library/PrivateFrameworks/Heimdal.framework/Versions/A/Heimdal
0x0000000026cf5000 	/usr/lib/libheimdal-asn1.dylib
0x0000000026cf5000 	/System/Library/Frameworks/OpenDirectory.framework/Versions/A/OpenDirectory
0x0000000026cf5000 	/System/Library/PrivateFrameworks/CommonAuth.framework/Versions/A/CommonAuth
0x0000000026cf5000 	/System/Library/Frameworks/OpenDirectory.framework/Versions/A/Frameworks/CFOpenDirectory.framework/Versions/A/CFOpenDirectory
0x0000000026cf5000 	/System/Library/Frameworks/SecurityFoundation.framework/Versions/A/SecurityFoundation
0x0000000026cf5000 	/System/Library/PrivateFrameworks/LanguageModeling.framework/Versions/A/LanguageModeling
0x0000000026cf5000 	/usr/lib/libmarisa.dylib
0x0000000026cf5000 	/usr/lib/libChineseTokenizer.dylib
0x0000000026cf5000 	/usr/lib/libcmph.dylib
0x0000000026cf5000 	/System/Library/PrivateFrameworks/CoreEmoji.framework/Versions/A/CoreEmoji
0x0000000026cf5000 	/System/Library/Frameworks/ServiceManagement.framework/Versions/A/ServiceManagement
0x0000000026cf5000 	/usr/lib/libxslt.1.dylib
0x0000000026cf5000 	/System/Library/Frameworks/Carbon.framework/Versions/A/Frameworks/Ink.framework/Versions/A/Ink
0x0000000026cf5000 	/System/Library/PrivateFrameworks/TextureIO.framework/Versions/A/TextureIO
0x0000000026cf5000 	/System/Library/Frameworks/Metal.framework/Versions/A/Metal
0x0000000026cf5000 	/usr/lib/libate.dylib
0x0000000026cf5000 	/System/Library/PrivateFrameworks/GPUCompiler.framework/libmetal_timestamp.dylib
0x0000000026cf5000 	/System/Library/Frameworks/OpenGL.framework/Versions/A/Libraries/libCoreFSCache.dylib
0x0000000026cf5000 	/System/Library/PrivateFrameworks/IOAccelerator.framework/Versions/A/IOAccelerator
0x0000000026cf5000 	/System/Library/Frameworks/CoreVideo.framework/Versions/A/CoreVideo
0x0000000026cf5000 	/usr/lib/libFosl_dynamic.dylib
0x0000000026cf5000 	/System/Library/PrivateFrameworks/MetalPerformanceShaders.framework/Versions/A/MetalPerformanceShaders
0x0000000026cf5000 	/System/Library/PrivateFrameworks/FaceCore.framework/Versions/A/FaceCore
0x0000000026cf5000 	/System/Library/Frameworks/OpenCL.framework/Versions/A/OpenCL
0x0000000026cf5000 	/System/Library/Frameworks/OpenGL.framework/Versions/A/Libraries/libGLU.dylib
0x0000000026cf5000 	/System/Library/Frameworks/OpenGL.framework/Versions/A/Libraries/libGFXShared.dylib
0x0000000026cf5000 	/System/Library/Frameworks/OpenGL.framework/Versions/A/Libraries/libGL.dylib
0x0000000026cf5000 	/System/Library/Frameworks/OpenGL.framework/Versions/A/Libraries/libGLImage.dylib
0x0000000026cf5000 	/System/Library/Frameworks/OpenGL.framework/Versions/A/Libraries/libCVMSPluginSupport.dylib
0x0000000026cf5000 	/System/Library/Frameworks/OpenGL.framework/Versions/A/Libraries/libCoreVMClient.dylib
0x0000000026cf5000 	/System/Library/PrivateFrameworks/CrashReporterSupport.framework/Versions/A/CrashReporterSupport
0x0000000026cf5000 	/System/Library/PrivateFrameworks/Sharing.framework/Versions/A/Sharing
0x0000000026cf5000 	/System/Library/PrivateFrameworks/IconServices.framework/Versions/A/IconServices
0x0000000026cf5000 	/System/Library/PrivateFrameworks/ProtocolBuffer.framework/Versions/A/ProtocolBuffer
0x0000000026cf5000 	/System/Library/PrivateFrameworks/Apple80211.framework/Versions/A/Apple80211
0x0000000026cf5000 	/System/Library/Frameworks/CoreWLAN.framework/Versions/A/CoreWLAN
0x0000000026cf5000 	/System/Library/PrivateFrameworks/CoreUtils.framework/Versions/A/CoreUtils
0x0000000026cf5000 	/System/Library/Frameworks/IOBluetooth.framework/Versions/A/IOBluetooth
0x0000000026cf5000 	/System/Library/PrivateFrameworks/CoreWiFi.framework/Versions/A/CoreWiFi
0x0000000026cf5000 	/System/Library/Frameworks/CoreBluetooth.framework/Versions/A/CoreBluetooth
0x0000000026cf5000 	/System/Library/Frameworks/CoreDisplay.framework/Versions/A/CoreDisplay
0x0000000026cf5000 	/System/Library/PrivateFrameworks/IOPresentment.framework/Versions/A/IOPresentment
0x0000000026cf5000 	/System/Library/PrivateFrameworks/DSExternalDisplay.framework/Versions/A/DSExternalDisplay
0x0000000026cf5000 	/System/Library/PrivateFrameworks/DebugSymbols.framework/Versions/A/DebugSymbols
0x0000000026cf5000 	/System/Library/PrivateFrameworks/CoreSymbolication.framework/Versions/A/CoreSymbolication
0x0000000026cf5000 	/System/Library/PrivateFrameworks/Symbolication.framework/Versions/A/Symbolication
0x0000000026cf5000 	/System/Library/PrivateFrameworks/AppleFSCompression.framework/Versions/A/AppleFSCompression
0x0000000026cf5000 	/System/Library/PrivateFrameworks/SpeechRecognitionCore.framework/Versions/A/SpeechRecognitionCore
0x0000000026cf5000 	/System/Library/PrivateFrameworks/ChunkingLibrary.framework/Versions/A/ChunkingLibrary
0x000000010fcbc000 	/Library/Java/JavaVirtualMachines/jdk1.8.0_131.jdk/Contents/Home/jre/lib/server/libjvm.dylib
0x0000000026cf5000 	/usr/lib/libstdc++.6.dylib
0x000000010e6fa000 	/Library/Java/JavaVirtualMachines/jdk1.8.0_131.jdk/Contents/Home/jre/lib/libverify.dylib
0x000000010e708000 	/Library/Java/JavaVirtualMachines/jdk1.8.0_131.jdk/Contents/Home/jre/lib/libjava.dylib
0x000000010e73e000 	/Library/Java/JavaVirtualMachines/jdk1.8.0_131.jdk/Contents/Home/jre/lib/libinstrument.dylib
0x000000010e79c000 	/Library/Java/JavaVirtualMachines/jdk1.8.0_131.jdk/Contents/Home/jre/lib/libzip.dylib
0x000000012b882000 	/System/Library/Frameworks/JavaVM.framework/Frameworks/JavaRuntimeSupport.framework/JavaRuntimeSupport
0x000000010fc1b000 	/System/Library/Frameworks/JavaVM.framework/Versions/A/Frameworks/JavaNativeFoundation.framework/Versions/A/JavaNativeFoundation
0x000000012b89c000 	/System/Library/Frameworks/JavaVM.framework/Versions/A/JavaVM
0x0000000026cf5000 	/System/Library/Frameworks/Carbon.framework/Versions/A/Carbon
0x000000012b8a9000 	/System/Library/PrivateFrameworks/JavaLaunching.framework/Versions/A/JavaLaunching
0x0000000026cf5000 	/System/Library/Frameworks/Carbon.framework/Versions/A/Frameworks/CommonPanels.framework/Versions/A/CommonPanels
0x0000000026cf5000 	/System/Library/Frameworks/Carbon.framework/Versions/A/Frameworks/Help.framework/Versions/A/Help
0x0000000026cf5000 	/System/Library/Frameworks/Carbon.framework/Versions/A/Frameworks/ImageCapture.framework/Versions/A/ImageCapture
0x0000000026cf5000 	/System/Library/Frameworks/Carbon.framework/Versions/A/Frameworks/OpenScripting.framework/Versions/A/OpenScripting
0x0000000026cf5000 	/System/Library/Frameworks/Carbon.framework/Versions/A/Frameworks/Print.framework/Versions/A/Print
0x0000000026cf5000 	/System/Library/Frameworks/Carbon.framework/Versions/A/Frameworks/SecurityHI.framework/Versions/A/SecurityHI
0x000000012d2dd000 	/Library/Java/JavaVirtualMachines/jdk1.8.0_131.jdk/Contents/Home/jre/lib/libnet.dylib
0x000000012d33c000 	/Library/Java/JavaVirtualMachines/jdk1.8.0_131.jdk/Contents/Home/jre/lib/libawt.dylib
0x000000012d3e4000 	/Library/Java/JavaVirtualMachines/jdk1.8.0_131.jdk/Contents/Home/jre/lib/./libmlib_image.dylib
0x000000012d4b0000 	/Library/Java/JavaVirtualMachines/jdk1.8.0_131.jdk/Contents/Home/jre/lib/libawt_lwawt.dylib
0x000000012d567000 	/Library/Java/JavaVirtualMachines/jdk1.8.0_131.jdk/Contents/Home/jre/lib/./libosxapp.dylib
0x0000000026cf5000 	/System/Library/Frameworks/ExceptionHandling.framework/Versions/A/ExceptionHandling
0x0000000026cf5000 	/System/Library/PrivateFrameworks/CoreServicesInternal.framework/Versions/A/CoreServicesInternal
0x0000000026cf5000 	/System/Library/CoreServices/RawCamera.bundle/Contents/MacOS/RawCamera
0x0000000026cf5000 	/System/Library/Frameworks/Accelerate.framework/Versions/A/Frameworks/vImage.framework/Versions/A/Libraries/libCGInterfaces.dylib
0x0000000026cf5000 	/System/Library/Frameworks/ApplicationServices.framework/Versions/A/Frameworks/ATS.framework/Versions/A/Resources/libTrueTypeScaler.dylib
0x000000012f61a000 	/System/Library/Frameworks/OpenGL.framework/Resources/GLEngine.bundle/GLEngine
0x0000000026cf5000 	/System/Library/Frameworks/OpenGL.framework/Versions/A/Libraries/libGLProgrammability.dylib
0x000000012f7ff000 	/System/Library/Extensions/AppleIntelSKLGraphicsGLDriver.bundle/Contents/MacOS/AppleIntelSKLGraphicsGLDriver
0x0000000026cf5000 	/System/Library/PrivateFrameworks/GPUSupport.framework/Versions/A/Libraries/libGPUSupportMercury.dylib
0x000000012ed15000 	/System/Library/Extensions/AMDRadeonX4000GLDriver.bundle/Contents/MacOS/AMDRadeonX4000GLDriver
0x0000000130583000 	/System/Library/Extensions/AMDRadeonX4000GLDriver.bundle/Contents/MacOS/ATIRadeonX4000SCLib.dylib
0x000000012edf5000 	/System/Library/Frameworks/OpenGL.framework/Resources//GLRendererFloat.bundle/GLRendererFloat
0x0000000026cf5000 	/System/Library/Frameworks/OpenCL.framework/Versions/A/Libraries/libcldcpuengine.dylib
0x0000000026cf5000 	/usr/lib/libcrypto.0.9.8.dylib
0x0000000026cf5000 	/System/Library/PrivateFrameworks/TrustEvaluationAgent.framework/Versions/A/TrustEvaluationAgent
0x0000000026cf5000 	/System/Library/Extensions/AMDMTLBronzeDriver.bundle/Contents/MacOS/AMDMTLBronzeDriver
0x0000000026cf5000 	/System/Library/PrivateFrameworks/IOAccelMemoryInfo.framework/Versions/A/IOAccelMemoryInfo
0x0000000130b60000 	/System/Library/Extensions/AppleIntelSKLGraphicsMTLDriver.bundle/Contents/MacOS/AppleIntelSKLGraphicsMTLDriver
0x0000000026cf5000 	/System/Library/PrivateFrameworks/FamilyControls.framework/Versions/A/FamilyControls
0x0000000026cf5000 	/System/Library/PrivateFrameworks/CommerceKit.framework/Versions/A/Frameworks/CommerceCore.framework/Versions/A/CommerceCore
0x0000000026cf5000 	/System/Library/PrivateFrameworks/SystemAdministration.framework/Versions/A/SystemAdministration
0x0000000026cf5000 	/System/Library/PrivateFrameworks/AppContainer.framework/Versions/A/AppContainer
0x0000000026cf5000 	/System/Library/PrivateFrameworks/SecCodeWrapper.framework/Versions/A/SecCodeWrapper
0x0000000026cf5000 	/System/Library/Frameworks/DirectoryService.framework/Versions/A/DirectoryService
0x0000000026cf5000 	/System/Library/PrivateFrameworks/DiskImages.framework/Versions/A/DiskImages
0x0000000026cf5000 	/System/Library/PrivateFrameworks/LoginUIKit.framework/Versions/A/Frameworks/LoginUICore.framework/Versions/A/LoginUICore
0x0000000026cf5000 	/usr/lib/libCoreStorage.dylib
0x0000000026cf5000 	/usr/lib/libcsfde.dylib
0x0000000026cf5000 	/usr/lib/libodfde.dylib
0x0000000026cf5000 	/System/Library/Frameworks/DiscRecording.framework/Versions/A/DiscRecording
0x0000000026cf5000 	/usr/lib/libcurl.4.dylib
0x0000000026cf5000 	/System/Library/PrivateFrameworks/MediaKit.framework/Versions/A/MediaKit
0x0000000026cf5000 	/System/Library/PrivateFrameworks/ProtectedCloudStorage.framework/Versions/A/ProtectedCloudStorage
0x0000000026cf5000 	/System/Library/PrivateFrameworks/EFILogin.framework/Versions/A/EFILogin
0x0000000026cf5000 	/usr/lib/libutil.dylib
0x0000000026cf5000 	/System/Library/Frameworks/LDAP.framework/Versions/A/LDAP
0x0000000026cf5000 	/usr/lib/libsasl2.2.dylib
0x0000000026cf5000 	/System/Library/PrivateFrameworks/CoreDaemon.framework/Versions/B/CoreDaemon
0x0000000026cf5000 	/System/Library/PrivateFrameworks/AppleSRP.framework/Versions/A/AppleSRP
0x0000000026cf5000 	/System/Library/PrivateFrameworks/APFS.framework/Versions/A/APFS
0x000000013210d000 	/Library/Java/JavaVirtualMachines/jdk1.8.0_131.jdk/Contents/Home/jre/lib/libfontmanager.dylib
0x000000012ed05000 	/Library/Java/JavaVirtualMachines/jdk1.8.0_131.jdk/Contents/Home/jre/lib/libosxui.dylib
0x0000000026cf5000 	/System/Library/PrivateFrameworks/ViewBridge.framework/Versions/A/ViewBridge
0x0000000026cf5000 	/System/Library/PrivateFrameworks/XPCService.framework/Versions/A/XPCService
0x0000000026cf5000 	/System/Library/PrivateFrameworks/AppSandbox.framework/Versions/A/AppSandbox
0x0000000026cf5000 	/usr/lib/libsandbox.1.dylib
0x0000000026cf5000 	/usr/lib/libMatch.1.dylib

VM Arguments:
jvm_args: -Djava.library.path=/Users/westjb/Documents/GitHub/HAL-examples/HAL/lib -javaagent:/Applications/IntelliJ IDEA CE.app/Contents/lib/idea_rt.jar=54053:/Applications/IntelliJ IDEA CE.app/Contents/bin -Dfile.encoding=UTF-8 
java_command: PersianModel.PersianCarpets
java_class_path (initial): /Library/Java/JavaVirtualMachines/jdk1.8.0_131.jdk/Contents/Home/jre/lib/charsets.jar:/Library/Java/JavaVirtualMachines/jdk1.8.0_131.jdk/Contents/Home/jre/lib/deploy.jar:/Library/Java/JavaVirtualMachines/jdk1.8.0_131.jdk/Contents/Home/jre/lib/ext/cldrdata.jar:/Library/Java/JavaVirtualMachines/jdk1.8.0_131.jdk/Contents/Home/jre/lib/ext/dnsns.jar:/Library/Java/JavaVirtualMachines/jdk1.8.0_131.jdk/Contents/Home/jre/lib/ext/jaccess.jar:/Library/Java/JavaVirtualMachines/jdk1.8.0_131.jdk/Contents/Home/jre/lib/ext/jfxrt.jar:/Library/Java/JavaVirtualMachines/jdk1.8.0_131.jdk/Contents/Home/jre/lib/ext/localedata.jar:/Library/Java/JavaVirtualMachines/jdk1.8.0_131.jdk/Contents/Home/jre/lib/ext/nashorn.jar:/Library/Java/JavaVirtualMachines/jdk1.8.0_131.jdk/Contents/Home/jre/lib/ext/sunec.jar:/Library/Java/JavaVirtualMachines/jdk1.8.0_131.jdk/Contents/Home/jre/lib/ext/sunjce_provider.jar:/Library/Java/JavaVirtualMachines/jdk1.8.0_131.jdk/Contents/Home/jre/lib/ext/sunpkcs11.jar:/Library/Java/JavaVirtualMachines/jdk1.8.0_131.jdk/Contents/Home/jre/lib/ext/zipfs.jar:/Library/Java/JavaVirtualMachines/jdk1.8.0_131.jdk/Contents/Home/jre/lib/javaws.jar:/Library/Java/JavaVirtualMachines/jdk1.8.0_131.jdk/Contents/Home/jre/lib/jce.jar:/Library/Java/JavaVirtualMachines/jdk1.8.0_131.jdk/Contents/Home/jre/lib/jfr.jar:/Library/Java/JavaVirtualMachines/jdk1.8.0_131.jdk/Contents/Home/jre/lib/jfxswt.jar:/Library/Java/JavaVirtualMachines/jdk1.8.0_131.jdk/Contents/Home/jre/lib/jsse.jar:/Library/Java/JavaVirtualMachines/jdk1.8.0_131.jdk/Contents/Home/jre/lib/management-agent.jar:/Library/Java/JavaVirtualMachines/jdk1.8.0_131.jdk/Contents/Home/jre/lib/plugin.jar:/Library/Java/JavaVirtualMachines/jdk1.8.0_131.jdk/Contents/Home/jre/lib/resources.jar:/Library/Java/JavaVirtualMachines/jdk1.8.0_131.jdk/Contents/Home/jre/lib/rt.jar:/Library/Java/JavaVirtualMachines/jdk1.8.0_131.jdk/Contents/Home/lib/ant-javafx.jar:/Library/Java/JavaVirtualMachines/jdk1.8.0_131.jdk/Contents/Home
Launcher Type: SUN_STANDARD

Environment Variables:
PATH=/usr/bin:/bin:/usr/sbin:/sbin
SHELL=/bin/bash

Signal Handlers:
SIGSEGV: [libjvm.dylib+0x5b1eb1], sa_mask[0]=11111111011111110111111111111111, sa_flags=SA_ONSTACK|SA_RESTART|SA_SIGINFO
SIGBUS: [libjvm.dylib+0x5b1eb1], sa_mask[0]=11111111011111110111111111111111, sa_flags=SA_RESTART|SA_SIGINFO
SIGFPE: [libjvm.dylib+0x488988], sa_mask[0]=11111111011111110111111111111111, sa_flags=SA_RESTART|SA_SIGINFO
SIGPIPE: [libjvm.dylib+0x488988], sa_mask[0]=11111111011111110111111111111111, sa_flags=SA_RESTART|SA_SIGINFO
SIGXFSZ: [libjvm.dylib+0x488988], sa_mask[0]=11111111011111110111111111111111, sa_flags=SA_RESTART|SA_SIGINFO
SIGILL: [libjvm.dylib+0x488988], sa_mask[0]=11111111011111110111111111111111, sa_flags=SA_RESTART|SA_SIGINFO
SIGUSR1: SIG_DFL, sa_mask[0]=00000000000000000000000000000000, sa_flags=none
SIGUSR2: [libjvm.dylib+0x4884a6], sa_mask[0]=00100000000000000000000000000000, sa_flags=SA_RESTART|SA_SIGINFO
SIGHUP: [libjvm.dylib+0x486a7d], sa_mask[0]=11111111011111110111111111111111, sa_flags=SA_RESTART|SA_SIGINFO
SIGINT: [libjvm.dylib+0x486a7d], sa_mask[0]=11111111011111110111111111111111, sa_flags=SA_RESTART|SA_SIGINFO
SIGTERM: [libjvm.dylib+0x486a7d], sa_mask[0]=11111111011111110111111111111111, sa_flags=SA_RESTART|SA_SIGINFO
SIGQUIT: [libjvm.dylib+0x486a7d], sa_mask[0]=11111111011111110111111111111111, sa_flags=SA_RESTART|SA_SIGINFO


---------------  S Y S T E M  ---------------

OS:Bsduname:Darwin 16.7.0 Darwin Kernel Version 16.7.0: Thu Jun 15 17:36:27 PDT 2017; root:xnu-3789.70.16~2/RELEASE_X86_64 x86_64
rlimit: STACK 8192k, CORE 0k, NPROC 709, NOFILE 10240, AS infinity
load average:4.28 3.24 2.51

CPU:total 8 (initial active 8) (4 cores per cpu, 2 threads per core) family 6 model 94 stepping 3, cmov, cx8, fxsr, mmx, sse, sse2, sse3, ssse3, sse4.1, sse4.2, popcnt, avx, avx2, aes, clmul, erms, rtm, 3dnowpref, lzcnt, ht, tsc, tscinvbit, bmi1, bmi2, adx

Memory: 4k page, physical 16777216k(1163820k free)

/proc/meminfo:


vm_info: Java HotSpot(TM) 64-Bit Server VM (25.131-b11) for bsd-amd64 JRE (1.8.0_131-b11), built on Mar 15 2017 01:32:22 by "java_re" with gcc 4.2.1 (Based on Apple Inc. build 5658) (LLVM build 2336.11.00)

time: Sat Mar 21 17:24:06 2020
elapsed time: 90 seconds (0d 0h 1m 30s)

